{"/Users/musti/Documents/Projects/MyCrypto_Platform/services/auth-service/src/auth/auth.controller.ts": {"path":"/Users/musti/Documents/Projects/MyCrypto_Platform/services/auth-service/src/auth/auth.controller.ts","statementMap":{"0":{"start":{"line":1,"column":0},"end":{"line":1,"column":null}},"1":{"start":{"line":12,"column":0},"end":{"line":12,"column":null}},"2":{"start":{"line":24,"column":0},"end":{"line":24,"column":45}},"3":{"start":{"line":26,"column":0},"end":{"line":26,"column":45}},"4":{"start":{"line":27,"column":0},"end":{"line":27,"column":49}},"5":{"start":{"line":28,"column":0},"end":{"line":28,"column":56}},"6":{"start":{"line":29,"column":0},"end":{"line":29,"column":70}},"7":{"start":{"line":30,"column":0},"end":{"line":30,"column":61}},"8":{"start":{"line":31,"column":0},"end":{"line":31,"column":83}},"9":{"start":{"line":32,"column":0},"end":{"line":32,"column":64}},"10":{"start":{"line":33,"column":0},"end":{"line":33,"column":108}},"11":{"start":{"line":34,"column":0},"end":{"line":34,"column":108}},"12":{"start":{"line":35,"column":0},"end":{"line":35,"column":95}},"13":{"start":{"line":36,"column":0},"end":{"line":36,"column":71}},"14":{"start":{"line":37,"column":0},"end":{"line":37,"column":66}},"15":{"start":{"line":38,"column":0},"end":{"line":38,"column":55}},"16":{"start":{"line":42,"column":7},"end":{"line":887,"column":null}},"17":{"start":{"line":43,"column":31},"end":{"line":43,"column":44}},"18":{"start":{"line":211,"column":4},"end":{"line":211,"column":56}},"19":{"start":{"line":294,"column":4},"end":{"line":294,"column":62}},"20":{"start":{"line":394,"column":4},"end":{"line":394,"column":76}},"21":{"start":{"line":567,"column":4},"end":{"line":567,"column":65}},"22":{"start":{"line":727,"column":4},"end":{"line":727,"column":64}},"23":{"start":{"line":776,"column":19},"end":{"line":776,"column":34}},"24":{"start":{"line":777,"column":24},"end":{"line":777,"column":39}},"25":{"start":{"line":779,"column":4},"end":{"line":779,"column":67}},"26":{"start":{"line":835,"column":4},"end":{"line":839,"column":6}},"27":{"start":{"line":885,"column":4},"end":{"line":885,"column":74}},"28":{"start":{"line":42,"column":13},"end":{"line":42,"column":27}},"29":{"start":{"line":207,"column":8},"end":{"line":212,"column":null}},"30":{"start":{"line":293,"column":8},"end":{"line":295,"column":null}},"31":{"start":{"line":393,"column":8},"end":{"line":395,"column":null}},"32":{"start":{"line":562,"column":8},"end":{"line":568,"column":null}},"33":{"start":{"line":726,"column":8},"end":{"line":728,"column":null}},"34":{"start":{"line":765,"column":8},"end":{"line":780,"column":null}},"35":{"start":{"line":823,"column":8},"end":{"line":840,"column":null}},"36":{"start":{"line":875,"column":8},"end":{"line":886,"column":null}},"37":{"start":{"line":42,"column":13},"end":{"line":887,"column":null}}},"fnMap":{"0":{"name":"(anonymous_4)","decl":{"start":{"line":43,"column":2},"end":{"line":43,"column":31}},"loc":{"start":{"line":43,"column":55},"end":{"line":43,"column":59}}},"1":{"name":"(anonymous_5)","decl":{"start":{"line":207,"column":8},"end":{"line":207,"column":16}},"loc":{"start":{"line":209,"column":20},"end":{"line":212,"column":3}}},"2":{"name":"(anonymous_6)","decl":{"start":{"line":293,"column":8},"end":{"line":293,"column":19}},"loc":{"start":{"line":293,"column":58},"end":{"line":295,"column":3}}},"3":{"name":"(anonymous_7)","decl":{"start":{"line":393,"column":8},"end":{"line":393,"column":26}},"loc":{"start":{"line":393,"column":79},"end":{"line":395,"column":3}}},"4":{"name":"(anonymous_8)","decl":{"start":{"line":562,"column":8},"end":{"line":562,"column":13}},"loc":{"start":{"line":565,"column":44},"end":{"line":568,"column":3}}},"5":{"name":"(anonymous_9)","decl":{"start":{"line":726,"column":8},"end":{"line":726,"column":20}},"loc":{"start":{"line":726,"column":61},"end":{"line":728,"column":3}}},"6":{"name":"(anonymous_10)","decl":{"start":{"line":765,"column":8},"end":{"line":765,"column":14}},"loc":{"start":{"line":767,"column":32},"end":{"line":780,"column":3}}},"7":{"name":"(anonymous_11)","decl":{"start":{"line":823,"column":8},"end":{"line":823,"column":28}},"loc":{"start":{"line":826,"column":44},"end":{"line":840,"column":3}}},"8":{"name":"(anonymous_12)","decl":{"start":{"line":875,"column":8},"end":{"line":875,"column":28}},"loc":{"start":{"line":876,"column":60},"end":{"line":886,"column":3}}}},"branchMap":{"0":{"loc":{"start":{"line":838,"column":6},"end":{"line":838,"column":28}},"type":"binary-expr","locations":[{"start":{"line":838,"column":6},"end":{"line":838,"column":15}},{"start":{"line":838,"column":19},"end":{"line":838,"column":28}}]}},"s":{"0":0,"1":0,"2":0,"3":0,"4":0,"5":0,"6":0,"7":0,"8":0,"9":0,"10":0,"11":0,"12":0,"13":0,"14":0,"15":0,"16":0,"17":0,"18":0,"19":0,"20":0,"21":0,"22":0,"23":0,"24":0,"25":0,"26":0,"27":0,"28":0,"29":0,"30":0,"31":0,"32":0,"33":0,"34":0,"35":0,"36":0,"37":0},"f":{"0":0,"1":0,"2":0,"3":0,"4":0,"5":0,"6":0,"7":0,"8":0},"b":{"0":[0,0]}}
,"/Users/musti/Documents/Projects/MyCrypto_Platform/services/auth-service/src/auth/auth.service.ts": {"path":"/Users/musti/Documents/Projects/MyCrypto_Platform/services/auth-service/src/auth/auth.service.ts","statementMap":{"0":{"start":{"line":1,"column":0},"end":{"line":1,"column":null}},"1":{"start":{"line":11,"column":0},"end":{"line":11,"column":47}},"2":{"start":{"line":12,"column":0},"end":{"line":12,"column":51}},"3":{"start":{"line":13,"column":0},"end":{"line":13,"column":57}},"4":{"start":{"line":14,"column":0},"end":{"line":14,"column":41}},"5":{"start":{"line":15,"column":0},"end":{"line":15,"column":33}},"6":{"start":{"line":16,"column":0},"end":{"line":16,"column":33}},"7":{"start":{"line":17,"column":0},"end":{"line":17,"column":36}},"8":{"start":{"line":19,"column":0},"end":{"line":19,"column":58}},"9":{"start":{"line":20,"column":0},"end":{"line":20,"column":52}},"10":{"start":{"line":21,"column":0},"end":{"line":21,"column":76}},"11":{"start":{"line":22,"column":0},"end":{"line":22,"column":67}},"12":{"start":{"line":31,"column":0},"end":{"line":31,"column":70}},"13":{"start":{"line":32,"column":0},"end":{"line":32,"column":64}},"14":{"start":{"line":33,"column":0},"end":{"line":33,"column":75}},"15":{"start":{"line":34,"column":0},"end":{"line":34,"column":64}},"16":{"start":{"line":38,"column":24},"end":{"line":1214,"column":null}},"17":{"start":{"line":43,"column":21},"end":{"line":43,"column":37}},"18":{"start":{"line":45,"column":21},"end":{"line":45,"column":40}},"19":{"start":{"line":47,"column":21},"end":{"line":47,"column":51}},"20":{"start":{"line":48,"column":21},"end":{"line":48,"column":33}},"21":{"start":{"line":49,"column":21},"end":{"line":49,"column":36}},"22":{"start":{"line":50,"column":21},"end":{"line":50,"column":38}},"23":{"start":{"line":51,"column":21},"end":{"line":51,"column":35}},"24":{"start":{"line":52,"column":21},"end":{"line":52,"column":44}},"25":{"start":{"line":53,"column":21},"end":{"line":53,"column":35}},"26":{"start":{"line":54,"column":21},"end":{"line":54,"column":39}},"27":{"start":{"line":39,"column":19},"end":{"line":39,"column":57}},"28":{"start":{"line":68,"column":71},"end":{"line":68,"column":82}},"29":{"start":{"line":69,"column":22},"end":{"line":69,"column":74}},"30":{"start":{"line":71,"column":4},"end":{"line":74,"column":7}},"31":{"start":{"line":76,"column":4},"end":{"line":165,"column":5}},"32":{"start":{"line":78,"column":27},"end":{"line":80,"column":8}},"33":{"start":{"line":82,"column":6},"end":{"line":88,"column":7}},"34":{"start":{"line":83,"column":8},"end":{"line":86,"column":11}},"35":{"start":{"line":87,"column":8},"end":{"line":87,"column":62}},"36":{"start":{"line":91,"column":27},"end":{"line":91,"column":60}},"37":{"start":{"line":94,"column":32},"end":{"line":94,"column":70}},"38":{"start":{"line":95,"column":36},"end":{"line":95,"column":103}},"39":{"start":{"line":96,"column":41},"end":{"line":96,"column":83}},"40":{"start":{"line":99,"column":22},"end":{"line":107,"column":8}},"41":{"start":{"line":109,"column":24},"end":{"line":109,"column":63}},"42":{"start":{"line":112,"column":31},"end":{"line":112,"column":139}},"43":{"start":{"line":114,"column":26},"end":{"line":118,"column":null}},"44":{"start":{"line":121,"column":6},"end":{"line":127,"column":7}},"45":{"start":{"line":122,"column":8},"end":{"line":125,"column":11}},"46":{"start":{"line":129,"column":6},"end":{"line":133,"column":9}},"47":{"start":{"line":136,"column":88},"end":{"line":136,"column":97}},"48":{"start":{"line":138,"column":6},"end":{"line":153,"column":8}},"49":{"start":{"line":155,"column":6},"end":{"line":157,"column":7}},"50":{"start":{"line":156,"column":8},"end":{"line":156,"column":20}},"51":{"start":{"line":159,"column":6},"end":{"line":162,"column":9}},"52":{"start":{"line":164,"column":6},"end":{"line":164,"column":87}},"53":{"start":{"line":169,"column":21},"end":{"line":169,"column":75}},"54":{"start":{"line":170,"column":23},"end":{"line":170,"column":82}},"55":{"start":{"line":171,"column":24},"end":{"line":171,"column":79}},"56":{"start":{"line":173,"column":4},"end":{"line":178,"column":7}},"57":{"start":{"line":186,"column":4},"end":{"line":186,"column":50}},"58":{"start":{"line":195,"column":4},"end":{"line":195,"column":67}},"59":{"start":{"line":199,"column":4},"end":{"line":199,"column":56}},"60":{"start":{"line":219,"column":22},"end":{"line":219,"column":36}},"61":{"start":{"line":220,"column":22},"end":{"line":220,"column":74}},"62":{"start":{"line":222,"column":4},"end":{"line":224,"column":7}},"63":{"start":{"line":226,"column":4},"end":{"line":308,"column":5}},"64":{"start":{"line":228,"column":24},"end":{"line":228,"column":79}},"65":{"start":{"line":231,"column":19},"end":{"line":233,"column":8}},"66":{"start":{"line":235,"column":6},"end":{"line":240,"column":7}},"67":{"start":{"line":236,"column":8},"end":{"line":238,"column":11}},"68":{"start":{"line":239,"column":8},"end":{"line":239,"column":65}},"69":{"start":{"line":243,"column":6},"end":{"line":249,"column":7}},"70":{"start":{"line":244,"column":8},"end":{"line":247,"column":11}},"71":{"start":{"line":248,"column":8},"end":{"line":248,"column":73}},"72":{"start":{"line":252,"column":6},"end":{"line":270,"column":7}},"73":{"start":{"line":253,"column":8},"end":{"line":256,"column":11}},"74":{"start":{"line":258,"column":8},"end":{"line":269,"column":10}},"75":{"start":{"line":273,"column":6},"end":{"line":273,"column":33}},"76":{"start":{"line":274,"column":6},"end":{"line":274,"column":48}},"77":{"start":{"line":275,"column":6},"end":{"line":275,"column":54}},"78":{"start":{"line":277,"column":6},"end":{"line":277,"column":43}},"79":{"start":{"line":279,"column":6},"end":{"line":283,"column":9}},"80":{"start":{"line":285,"column":6},"end":{"line":296,"column":8}},"81":{"start":{"line":298,"column":6},"end":{"line":300,"column":7}},"82":{"start":{"line":299,"column":8},"end":{"line":299,"column":20}},"83":{"start":{"line":302,"column":6},"end":{"line":305,"column":9}},"84":{"start":{"line":307,"column":6},"end":{"line":307,"column":91}},"85":{"start":{"line":324,"column":22},"end":{"line":324,"column":43}},"86":{"start":{"line":325,"column":22},"end":{"line":325,"column":74}},"87":{"start":{"line":327,"column":4},"end":{"line":330,"column":7}},"88":{"start":{"line":332,"column":4},"end":{"line":412,"column":5}},"89":{"start":{"line":334,"column":19},"end":{"line":336,"column":8}},"90":{"start":{"line":338,"column":6},"end":{"line":344,"column":7}},"91":{"start":{"line":339,"column":8},"end":{"line":342,"column":11}},"92":{"start":{"line":343,"column":8},"end":{"line":343,"column":63}},"93":{"start":{"line":347,"column":6},"end":{"line":354,"column":7}},"94":{"start":{"line":348,"column":8},"end":{"line":352,"column":11}},"95":{"start":{"line":353,"column":8},"end":{"line":353,"column":72}},"96":{"start":{"line":357,"column":32},"end":{"line":357,"column":70}},"97":{"start":{"line":358,"column":36},"end":{"line":358,"column":103}},"98":{"start":{"line":359,"column":41},"end":{"line":359,"column":83}},"99":{"start":{"line":362,"column":6},"end":{"line":362,"column":65}},"100":{"start":{"line":363,"column":6},"end":{"line":363,"column":76}},"101":{"start":{"line":365,"column":6},"end":{"line":365,"column":43}},"102":{"start":{"line":368,"column":31},"end":{"line":368,"column":139}},"103":{"start":{"line":370,"column":26},"end":{"line":374,"column":null}},"104":{"start":{"line":377,"column":6},"end":{"line":383,"column":7}},"105":{"start":{"line":378,"column":8},"end":{"line":381,"column":11}},"106":{"start":{"line":382,"column":8},"end":{"line":382,"column":81}},"107":{"start":{"line":385,"column":6},"end":{"line":389,"column":9}},"108":{"start":{"line":391,"column":6},"end":{"line":398,"column":8}},"109":{"start":{"line":400,"column":6},"end":{"line":404,"column":7}},"110":{"start":{"line":403,"column":8},"end":{"line":403,"column":20}},"111":{"start":{"line":406,"column":6},"end":{"line":409,"column":9}},"112":{"start":{"line":411,"column":6},"end":{"line":411,"column":90}},"113":{"start":{"line":434,"column":32},"end":{"line":434,"column":40}},"114":{"start":{"line":435,"column":22},"end":{"line":435,"column":74}},"115":{"start":{"line":437,"column":4},"end":{"line":441,"column":7}},"116":{"start":{"line":443,"column":4},"end":{"line":577,"column":5}},"117":{"start":{"line":445,"column":19},"end":{"line":447,"column":8}},"118":{"start":{"line":450,"column":6},"end":{"line":463,"column":7}},"119":{"start":{"line":452,"column":8},"end":{"line":454,"column":9}},"120":{"start":{"line":453,"column":10},"end":{"line":453,"column":51}},"121":{"start":{"line":456,"column":8},"end":{"line":460,"column":11}},"122":{"start":{"line":462,"column":8},"end":{"line":462,"column":67}},"123":{"start":{"line":466,"column":6},"end":{"line":482,"column":7}},"124":{"start":{"line":467,"column":33},"end":{"line":468,"column":null}},"125":{"start":{"line":471,"column":8},"end":{"line":477,"column":11}},"126":{"start":{"line":479,"column":8},"end":{"line":481,"column":10}},"127":{"start":{"line":485,"column":6},"end":{"line":495,"column":7}},"128":{"start":{"line":486,"column":8},"end":{"line":492,"column":11}},"129":{"start":{"line":494,"column":8},"end":{"line":494,"column":107}},"130":{"start":{"line":498,"column":46},"end":{"line":498,"column":98}},"131":{"start":{"line":500,"column":6},"end":{"line":524,"column":7}},"132":{"start":{"line":502,"column":8},"end":{"line":502,"column":45}},"133":{"start":{"line":504,"column":8},"end":{"line":509,"column":11}},"134":{"start":{"line":512,"column":8},"end":{"line":523,"column":10}},"135":{"start":{"line":527,"column":26},"end":{"line":527,"column":62}},"136":{"start":{"line":528,"column":27},"end":{"line":528,"column":64}},"137":{"start":{"line":531,"column":6},"end":{"line":531,"column":69}},"138":{"start":{"line":534,"column":6},"end":{"line":534,"column":43}},"139":{"start":{"line":537,"column":6},"end":{"line":537,"column":43}},"140":{"start":{"line":539,"column":6},"end":{"line":544,"column":9}},"141":{"start":{"line":546,"column":6},"end":{"line":563,"column":8}},"142":{"start":{"line":565,"column":6},"end":{"line":567,"column":7}},"143":{"start":{"line":566,"column":8},"end":{"line":566,"column":20}},"144":{"start":{"line":569,"column":6},"end":{"line":574,"column":9}},"145":{"start":{"line":576,"column":6},"end":{"line":576,"column":87}},"146":{"start":{"line":589,"column":17},"end":{"line":589,"column":77}},"147":{"start":{"line":590,"column":4},"end":{"line":592,"column":5}},"148":{"start":{"line":591,"column":6},"end":{"line":591,"column":52}},"149":{"start":{"line":594,"column":24},"end":{"line":594,"column":60}},"150":{"start":{"line":595,"column":25},"end":{"line":595,"column":62}},"151":{"start":{"line":598,"column":4},"end":{"line":598,"column":91}},"152":{"start":{"line":601,"column":4},"end":{"line":601,"column":47}},"153":{"start":{"line":603,"column":4},"end":{"line":606,"column":6}},"154":{"start":{"line":615,"column":16},"end":{"line":615,"column":24}},"155":{"start":{"line":616,"column":32},"end":{"line":622,"column":6}},"156":{"start":{"line":624,"column":4},"end":{"line":627,"column":7}},"157":{"start":{"line":636,"column":16},"end":{"line":636,"column":24}},"158":{"start":{"line":637,"column":32},"end":{"line":643,"column":6}},"159":{"start":{"line":645,"column":4},"end":{"line":648,"column":7}},"160":{"start":{"line":665,"column":29},"end":{"line":668,"column":20}},"161":{"start":{"line":671,"column":22},"end":{"line":671,"column":69}},"162":{"start":{"line":675,"column":4},"end":{"line":675,"column":61}},"163":{"start":{"line":677,"column":20},"end":{"line":684,"column":6}},"164":{"start":{"line":686,"column":4},"end":{"line":686,"column":54}},"165":{"start":{"line":694,"column":24},"end":{"line":694,"column":79}},"166":{"start":{"line":695,"column":28},"end":{"line":695,"column":90}},"167":{"start":{"line":697,"column":4},"end":{"line":697,"column":71}},"168":{"start":{"line":700,"column":4},"end":{"line":709,"column":5}},"169":{"start":{"line":701,"column":6},"end":{"line":701,"column":77}},"170":{"start":{"line":703,"column":6},"end":{"line":708,"column":9}},"171":{"start":{"line":711,"column":4},"end":{"line":711,"column":41}},"172":{"start":{"line":719,"column":4},"end":{"line":723,"column":5}},"173":{"start":{"line":720,"column":6},"end":{"line":720,"column":37}},"174":{"start":{"line":721,"column":6},"end":{"line":721,"column":31}},"175":{"start":{"line":722,"column":6},"end":{"line":722,"column":43}},"176":{"start":{"line":732,"column":4},"end":{"line":732,"column":36}},"177":{"start":{"line":733,"column":4},"end":{"line":733,"column":28}},"178":{"start":{"line":734,"column":4},"end":{"line":734,"column":41}},"179":{"start":{"line":750,"column":30},"end":{"line":750,"column":45}},"180":{"start":{"line":751,"column":22},"end":{"line":751,"column":74}},"181":{"start":{"line":753,"column":4},"end":{"line":755,"column":7}},"182":{"start":{"line":757,"column":4},"end":{"line":865,"column":5}},"183":{"start":{"line":760,"column":6},"end":{"line":770,"column":7}},"184":{"start":{"line":761,"column":8},"end":{"line":763,"column":11}},"185":{"start":{"line":765,"column":8},"end":{"line":768,"column":11}},"186":{"start":{"line":769,"column":8},"end":{"line":769,"column":66}},"187":{"start":{"line":773,"column":6},"end":{"line":779,"column":7}},"188":{"start":{"line":774,"column":8},"end":{"line":777,"column":11}},"189":{"start":{"line":778,"column":8},"end":{"line":778,"column":66}},"190":{"start":{"line":782,"column":24},"end":{"line":785,"column":22}},"191":{"start":{"line":788,"column":22},"end":{"line":791,"column":8}},"192":{"start":{"line":793,"column":6},"end":{"line":798,"column":7}},"193":{"start":{"line":794,"column":8},"end":{"line":796,"column":11}},"194":{"start":{"line":797,"column":8},"end":{"line":797,"column":66}},"195":{"start":{"line":801,"column":6},"end":{"line":808,"column":7}},"196":{"start":{"line":802,"column":8},"end":{"line":806,"column":11}},"197":{"start":{"line":807,"column":8},"end":{"line":807,"column":63}},"198":{"start":{"line":811,"column":6},"end":{"line":819,"column":7}},"199":{"start":{"line":812,"column":8},"end":{"line":817,"column":11}},"200":{"start":{"line":818,"column":8},"end":{"line":818,"column":63}},"201":{"start":{"line":822,"column":6},"end":{"line":831,"column":7}},"202":{"start":{"line":825,"column":8},"end":{"line":829,"column":11}},"203":{"start":{"line":830,"column":8},"end":{"line":830,"column":107}},"204":{"start":{"line":834,"column":26},"end":{"line":834,"column":70}},"205":{"start":{"line":836,"column":6},"end":{"line":840,"column":9}},"206":{"start":{"line":842,"column":6},"end":{"line":853,"column":8}},"207":{"start":{"line":855,"column":6},"end":{"line":857,"column":7}},"208":{"start":{"line":856,"column":8},"end":{"line":856,"column":20}},"209":{"start":{"line":859,"column":6},"end":{"line":862,"column":9}},"210":{"start":{"line":864,"column":6},"end":{"line":864,"column":89}},"211":{"start":{"line":887,"column":22},"end":{"line":887,"column":74}},"212":{"start":{"line":889,"column":4},"end":{"line":893,"column":7}},"213":{"start":{"line":895,"column":4},"end":{"line":935,"column":5}},"214":{"start":{"line":897,"column":6},"end":{"line":897,"column":77}},"215":{"start":{"line":900,"column":23},"end":{"line":902,"column":8}},"216":{"start":{"line":904,"column":6},"end":{"line":908,"column":7}},"217":{"start":{"line":905,"column":8},"end":{"line":905,"column":34}},"218":{"start":{"line":906,"column":8},"end":{"line":906,"column":40}},"219":{"start":{"line":907,"column":8},"end":{"line":907,"column":51}},"220":{"start":{"line":910,"column":6},"end":{"line":914,"column":9}},"221":{"start":{"line":916,"column":6},"end":{"line":926,"column":8}},"222":{"start":{"line":928,"column":6},"end":{"line":932,"column":9}},"223":{"start":{"line":934,"column":6},"end":{"line":934,"column":87}},"224":{"start":{"line":957,"column":22},"end":{"line":957,"column":45}},"225":{"start":{"line":958,"column":22},"end":{"line":958,"column":74}},"226":{"start":{"line":960,"column":4},"end":{"line":964,"column":7}},"227":{"start":{"line":966,"column":4},"end":{"line":1085,"column":5}},"228":{"start":{"line":968,"column":27},"end":{"line":968,"column":52}},"229":{"start":{"line":969,"column":24},"end":{"line":972,"column":null}},"230":{"start":{"line":975,"column":6},"end":{"line":995,"column":7}},"231":{"start":{"line":976,"column":8},"end":{"line":981,"column":11}},"232":{"start":{"line":984,"column":8},"end":{"line":994,"column":10}},"233":{"start":{"line":998,"column":19},"end":{"line":1000,"column":8}},"234":{"start":{"line":1002,"column":6},"end":{"line":1052,"column":7}},"235":{"start":{"line":1004,"column":27},"end":{"line":1004,"column":65}},"236":{"start":{"line":1005,"column":31},"end":{"line":1005,"column":91}},"237":{"start":{"line":1006,"column":26},"end":{"line":1006,"column":63}},"238":{"start":{"line":1009,"column":8},"end":{"line":1012,"column":11}},"239":{"start":{"line":1015,"column":35},"end":{"line":1021,"column":10}},"240":{"start":{"line":1023,"column":8},"end":{"line":1023,"column":73}},"241":{"start":{"line":1026,"column":26},"end":{"line":1026,"column":129}},"242":{"start":{"line":1028,"column":28},"end":{"line":1031,"column":null}},"243":{"start":{"line":1034,"column":8},"end":{"line":1039,"column":9}},"244":{"start":{"line":1035,"column":10},"end":{"line":1038,"column":13}},"245":{"start":{"line":1041,"column":8},"end":{"line":1045,"column":11}},"246":{"start":{"line":1047,"column":8},"end":{"line":1051,"column":11}},"247":{"start":{"line":1055,"column":6},"end":{"line":1065,"column":8}},"248":{"start":{"line":1067,"column":6},"end":{"line":1071,"column":9}},"249":{"start":{"line":1074,"column":6},"end":{"line":1084,"column":8}},"250":{"start":{"line":1103,"column":35},"end":{"line":1103,"column":58}},"251":{"start":{"line":1104,"column":22},"end":{"line":1104,"column":74}},"252":{"start":{"line":1106,"column":4},"end":{"line":1108,"column":7}},"253":{"start":{"line":1110,"column":4},"end":{"line":1212,"column":5}},"254":{"start":{"line":1112,"column":24},"end":{"line":1112,"column":79}},"255":{"start":{"line":1115,"column":25},"end":{"line":1118,"column":8}},"256":{"start":{"line":1120,"column":6},"end":{"line":1125,"column":7}},"257":{"start":{"line":1121,"column":8},"end":{"line":1123,"column":11}},"258":{"start":{"line":1124,"column":8},"end":{"line":1124,"column":90}},"259":{"start":{"line":1128,"column":6},"end":{"line":1143,"column":7}},"260":{"start":{"line":1129,"column":8},"end":{"line":1141,"column":9}},"261":{"start":{"line":1130,"column":10},"end":{"line":1134,"column":13}},"262":{"start":{"line":1135,"column":15},"end":{"line":1141,"column":9}},"263":{"start":{"line":1136,"column":10},"end":{"line":1140,"column":13}},"264":{"start":{"line":1142,"column":8},"end":{"line":1142,"column":90}},"265":{"start":{"line":1146,"column":27},"end":{"line":1146,"column":63}},"266":{"start":{"line":1149,"column":19},"end":{"line":1149,"column":34}},"267":{"start":{"line":1150,"column":6},"end":{"line":1150,"column":40}},"268":{"start":{"line":1153,"column":6},"end":{"line":1153,"column":37}},"269":{"start":{"line":1154,"column":6},"end":{"line":1154,"column":31}},"270":{"start":{"line":1156,"column":6},"end":{"line":1156,"column":43}},"271":{"start":{"line":1159,"column":6},"end":{"line":1159,"column":38}},"272":{"start":{"line":1160,"column":6},"end":{"line":1160,"column":63}},"273":{"start":{"line":1163,"column":6},"end":{"line":1166,"column":8}},"274":{"start":{"line":1169,"column":6},"end":{"line":1169,"column":71}},"275":{"start":{"line":1172,"column":26},"end":{"line":1174,"column":null}},"276":{"start":{"line":1177,"column":6},"end":{"line":1182,"column":7}},"277":{"start":{"line":1178,"column":8},"end":{"line":1181,"column":11}},"278":{"start":{"line":1184,"column":6},"end":{"line":1188,"column":9}},"279":{"start":{"line":1190,"column":6},"end":{"line":1200,"column":8}},"280":{"start":{"line":1202,"column":6},"end":{"line":1204,"column":7}},"281":{"start":{"line":1203,"column":8},"end":{"line":1203,"column":20}},"282":{"start":{"line":1206,"column":6},"end":{"line":1209,"column":9}},"283":{"start":{"line":1211,"column":6},"end":{"line":1211,"column":97}},"284":{"start":{"line":38,"column":13},"end":{"line":38,"column":24}},"285":{"start":{"line":38,"column":13},"end":{"line":1214,"column":null}}},"fnMap":{"0":{"name":"(anonymous_13)","decl":{"start":{"line":41,"column":2},"end":{"line":41,"column":null}},"loc":{"start":{"line":54,"column":55},"end":{"line":55,"column":6}}},"1":{"name":"(anonymous_14)","decl":{"start":{"line":57,"column":2},"end":{"line":57,"column":7}},"loc":{"start":{"line":57,"column":41},"end":{"line":166,"column":3}}},"2":{"name":"(anonymous_15)","decl":{"start":{"line":168,"column":10},"end":{"line":168,"column":15}},"loc":{"start":{"line":168,"column":45},"end":{"line":179,"column":3}}},"3":{"name":"(anonymous_16)","decl":{"start":{"line":185,"column":10},"end":{"line":185,"column":35}},"loc":{"start":{"line":185,"column":35},"end":{"line":187,"column":3}}},"4":{"name":"(anonymous_17)","decl":{"start":{"line":194,"column":10},"end":{"line":194,"column":31}},"loc":{"start":{"line":194,"column":45},"end":{"line":196,"column":3}}},"5":{"name":"(anonymous_18)","decl":{"start":{"line":198,"column":2},"end":{"line":198,"column":7}},"loc":{"start":{"line":198,"column":68},"end":{"line":200,"column":3}}},"6":{"name":"(anonymous_19)","decl":{"start":{"line":207,"column":2},"end":{"line":207,"column":7}},"loc":{"start":{"line":207,"column":50},"end":{"line":309,"column":3}}},"7":{"name":"(anonymous_20)","decl":{"start":{"line":316,"column":2},"end":{"line":316,"column":7}},"loc":{"start":{"line":316,"column":71},"end":{"line":413,"column":3}}},"8":{"name":"(anonymous_21)","decl":{"start":{"line":422,"column":2},"end":{"line":422,"column":7}},"loc":{"start":{"line":425,"column":21},"end":{"line":578,"column":3}}},"9":{"name":"(anonymous_22)","decl":{"start":{"line":585,"column":2},"end":{"line":585,"column":7}},"loc":{"start":{"line":585,"column":37},"end":{"line":607,"column":3}}},"10":{"name":"(anonymous_23)","decl":{"start":{"line":614,"column":10},"end":{"line":614,"column":15}},"loc":{"start":{"line":614,"column":46},"end":{"line":628,"column":3}}},"11":{"name":"(anonymous_24)","decl":{"start":{"line":635,"column":10},"end":{"line":635,"column":15}},"loc":{"start":{"line":635,"column":47},"end":{"line":649,"column":3}}},"12":{"name":"(anonymous_25)","decl":{"start":{"line":658,"column":10},"end":{"line":658,"column":15}},"loc":{"start":{"line":662,"column":21},"end":{"line":687,"column":3}}},"13":{"name":"(anonymous_26)","decl":{"start":{"line":693,"column":10},"end":{"line":693,"column":15}},"loc":{"start":{"line":693,"column":50},"end":{"line":712,"column":3}}},"14":{"name":"(anonymous_27)","decl":{"start":{"line":718,"column":10},"end":{"line":718,"column":15}},"loc":{"start":{"line":718,"column":46},"end":{"line":724,"column":3}}},"15":{"name":"(anonymous_28)","decl":{"start":{"line":731,"column":10},"end":{"line":731,"column":15}},"loc":{"start":{"line":731,"column":54},"end":{"line":735,"column":3}}},"16":{"name":"(anonymous_29)","decl":{"start":{"line":742,"column":2},"end":{"line":742,"column":7}},"loc":{"start":{"line":742,"column":53},"end":{"line":866,"column":3}}},"17":{"name":"(anonymous_30)","decl":{"start":{"line":875,"column":2},"end":{"line":875,"column":7}},"loc":{"start":{"line":878,"column":25},"end":{"line":936,"column":3}}},"18":{"name":"(anonymous_31)","decl":{"start":{"line":945,"column":2},"end":{"line":945,"column":7}},"loc":{"start":{"line":948,"column":21},"end":{"line":1086,"column":3}}},"19":{"name":"(anonymous_32)","decl":{"start":{"line":1093,"column":2},"end":{"line":1093,"column":7}},"loc":{"start":{"line":1094,"column":52},"end":{"line":1213,"column":3}}}},"branchMap":{"0":{"loc":{"start":{"line":82,"column":6},"end":{"line":88,"column":7}},"type":"if","locations":[{"start":{"line":82,"column":6},"end":{"line":88,"column":7}},{"start":{},"end":{}}]},"1":{"loc":{"start":{"line":121,"column":6},"end":{"line":127,"column":7}},"type":"if","locations":[{"start":{"line":121,"column":6},"end":{"line":127,"column":7}},{"start":{},"end":{}}]},"2":{"loc":{"start":{"line":155,"column":6},"end":{"line":157,"column":7}},"type":"if","locations":[{"start":{"line":155,"column":6},"end":{"line":157,"column":7}},{"start":{},"end":{}}]},"3":{"loc":{"start":{"line":235,"column":6},"end":{"line":240,"column":7}},"type":"if","locations":[{"start":{"line":235,"column":6},"end":{"line":240,"column":7}},{"start":{},"end":{}}]},"4":{"loc":{"start":{"line":243,"column":6},"end":{"line":249,"column":7}},"type":"if","locations":[{"start":{"line":243,"column":6},"end":{"line":249,"column":7}},{"start":{},"end":{}}]},"5":{"loc":{"start":{"line":252,"column":6},"end":{"line":270,"column":7}},"type":"if","locations":[{"start":{"line":252,"column":6},"end":{"line":270,"column":7}},{"start":{},"end":{}}]},"6":{"loc":{"start":{"line":298,"column":6},"end":{"line":300,"column":7}},"type":"if","locations":[{"start":{"line":298,"column":6},"end":{"line":300,"column":7}},{"start":{},"end":{}}]},"7":{"loc":{"start":{"line":338,"column":6},"end":{"line":344,"column":7}},"type":"if","locations":[{"start":{"line":338,"column":6},"end":{"line":344,"column":7}},{"start":{},"end":{}}]},"8":{"loc":{"start":{"line":347,"column":6},"end":{"line":354,"column":7}},"type":"if","locations":[{"start":{"line":347,"column":6},"end":{"line":354,"column":7}},{"start":{},"end":{}}]},"9":{"loc":{"start":{"line":377,"column":6},"end":{"line":383,"column":7}},"type":"if","locations":[{"start":{"line":377,"column":6},"end":{"line":383,"column":7}},{"start":{},"end":{}}]},"10":{"loc":{"start":{"line":400,"column":6},"end":{"line":404,"column":7}},"type":"if","locations":[{"start":{"line":400,"column":6},"end":{"line":404,"column":7}},{"start":{},"end":{}}]},"11":{"loc":{"start":{"line":400,"column":10},"end":{"line":402,"column":55}},"type":"binary-expr","locations":[{"start":{"line":400,"column":10},"end":{"line":400,"column":46}},{"start":{"line":401,"column":10},"end":{"line":401,"column":44}},{"start":{"line":402,"column":10},"end":{"line":402,"column":55}}]},"12":{"loc":{"start":{"line":450,"column":6},"end":{"line":463,"column":7}},"type":"if","locations":[{"start":{"line":450,"column":6},"end":{"line":463,"column":7}},{"start":{},"end":{}}]},"13":{"loc":{"start":{"line":450,"column":10},"end":{"line":450,"column":77}},"type":"binary-expr","locations":[{"start":{"line":450,"column":10},"end":{"line":450,"column":15}},{"start":{"line":450,"column":19},"end":{"line":450,"column":77}}]},"14":{"loc":{"start":{"line":452,"column":8},"end":{"line":454,"column":9}},"type":"if","locations":[{"start":{"line":452,"column":8},"end":{"line":454,"column":9}},{"start":{},"end":{}}]},"15":{"loc":{"start":{"line":466,"column":6},"end":{"line":482,"column":7}},"type":"if","locations":[{"start":{"line":466,"column":6},"end":{"line":482,"column":7}},{"start":{},"end":{}}]},"16":{"loc":{"start":{"line":466,"column":10},"end":{"line":466,"column":61}},"type":"binary-expr","locations":[{"start":{"line":466,"column":10},"end":{"line":466,"column":27}},{"start":{"line":466,"column":31},"end":{"line":466,"column":61}}]},"17":{"loc":{"start":{"line":485,"column":6},"end":{"line":495,"column":7}},"type":"if","locations":[{"start":{"line":485,"column":6},"end":{"line":495,"column":7}},{"start":{},"end":{}}]},"18":{"loc":{"start":{"line":485,"column":10},"end":{"line":485,"column":83}},"type":"binary-expr","locations":[{"start":{"line":485,"column":10},"end":{"line":485,"column":46}},{"start":{"line":485,"column":50},"end":{"line":485,"column":83}}]},"19":{"loc":{"start":{"line":500,"column":6},"end":{"line":524,"column":7}},"type":"if","locations":[{"start":{"line":500,"column":6},"end":{"line":524,"column":7}},{"start":{},"end":{}}]},"20":{"loc":{"start":{"line":565,"column":6},"end":{"line":567,"column":7}},"type":"if","locations":[{"start":{"line":565,"column":6},"end":{"line":567,"column":7}},{"start":{},"end":{}}]},"21":{"loc":{"start":{"line":565,"column":10},"end":{"line":565,"column":87}},"type":"binary-expr","locations":[{"start":{"line":565,"column":10},"end":{"line":565,"column":48}},{"start":{"line":565,"column":52},"end":{"line":565,"column":87}}]},"22":{"loc":{"start":{"line":590,"column":4},"end":{"line":592,"column":5}},"type":"if","locations":[{"start":{"line":590,"column":4},"end":{"line":592,"column":5}},{"start":{},"end":{}}]},"23":{"loc":{"start":{"line":697,"column":34},"end":{"line":697,"column":65}},"type":"binary-expr","locations":[{"start":{"line":697,"column":34},"end":{"line":697,"column":60}},{"start":{"line":697,"column":64},"end":{"line":697,"column":65}}]},"24":{"loc":{"start":{"line":700,"column":4},"end":{"line":709,"column":5}},"type":"if","locations":[{"start":{"line":700,"column":4},"end":{"line":709,"column":5}},{"start":{},"end":{}}]},"25":{"loc":{"start":{"line":719,"column":4},"end":{"line":723,"column":5}},"type":"if","locations":[{"start":{"line":719,"column":4},"end":{"line":723,"column":5}},{"start":{},"end":{}}]},"26":{"loc":{"start":{"line":719,"column":8},"end":{"line":719,"column":59}},"type":"binary-expr","locations":[{"start":{"line":719,"column":8},"end":{"line":719,"column":38}},{"start":{"line":719,"column":42},"end":{"line":719,"column":59}}]},"27":{"loc":{"start":{"line":773,"column":6},"end":{"line":779,"column":7}},"type":"if","locations":[{"start":{"line":773,"column":6},"end":{"line":779,"column":7}},{"start":{},"end":{}}]},"28":{"loc":{"start":{"line":793,"column":6},"end":{"line":798,"column":7}},"type":"if","locations":[{"start":{"line":793,"column":6},"end":{"line":798,"column":7}},{"start":{},"end":{}}]},"29":{"loc":{"start":{"line":801,"column":6},"end":{"line":808,"column":7}},"type":"if","locations":[{"start":{"line":801,"column":6},"end":{"line":808,"column":7}},{"start":{},"end":{}}]},"30":{"loc":{"start":{"line":811,"column":6},"end":{"line":819,"column":7}},"type":"if","locations":[{"start":{"line":811,"column":6},"end":{"line":819,"column":7}},{"start":{},"end":{}}]},"31":{"loc":{"start":{"line":822,"column":6},"end":{"line":831,"column":7}},"type":"if","locations":[{"start":{"line":822,"column":6},"end":{"line":831,"column":7}},{"start":{},"end":{}}]},"32":{"loc":{"start":{"line":822,"column":10},"end":{"line":824,"column":51}},"type":"binary-expr","locations":[{"start":{"line":822,"column":10},"end":{"line":822,"column":23}},{"start":{"line":823,"column":10},"end":{"line":823,"column":54}},{"start":{"line":824,"column":10},"end":{"line":824,"column":51}}]},"33":{"loc":{"start":{"line":855,"column":6},"end":{"line":857,"column":7}},"type":"if","locations":[{"start":{"line":855,"column":6},"end":{"line":857,"column":7}},{"start":{},"end":{}}]},"34":{"loc":{"start":{"line":855,"column":10},"end":{"line":855,"column":87}},"type":"binary-expr","locations":[{"start":{"line":855,"column":10},"end":{"line":855,"column":48}},{"start":{"line":855,"column":52},"end":{"line":855,"column":87}}]},"35":{"loc":{"start":{"line":975,"column":6},"end":{"line":995,"column":7}},"type":"if","locations":[{"start":{"line":975,"column":6},"end":{"line":995,"column":7}},{"start":{},"end":{}}]},"36":{"loc":{"start":{"line":1002,"column":6},"end":{"line":1052,"column":7}},"type":"if","locations":[{"start":{"line":1002,"column":6},"end":{"line":1052,"column":7}},{"start":{"line":1046,"column":13},"end":{"line":1052,"column":7}}]},"37":{"loc":{"start":{"line":1034,"column":8},"end":{"line":1039,"column":9}},"type":"if","locations":[{"start":{"line":1034,"column":8},"end":{"line":1039,"column":9}},{"start":{},"end":{}}]},"38":{"loc":{"start":{"line":1120,"column":6},"end":{"line":1125,"column":7}},"type":"if","locations":[{"start":{"line":1120,"column":6},"end":{"line":1125,"column":7}},{"start":{},"end":{}}]},"39":{"loc":{"start":{"line":1128,"column":6},"end":{"line":1143,"column":7}},"type":"if","locations":[{"start":{"line":1128,"column":6},"end":{"line":1143,"column":7}},{"start":{},"end":{}}]},"40":{"loc":{"start":{"line":1129,"column":8},"end":{"line":1141,"column":9}},"type":"if","locations":[{"start":{"line":1129,"column":8},"end":{"line":1141,"column":9}},{"start":{"line":1135,"column":15},"end":{"line":1141,"column":9}}]},"41":{"loc":{"start":{"line":1135,"column":15},"end":{"line":1141,"column":9}},"type":"if","locations":[{"start":{"line":1135,"column":15},"end":{"line":1141,"column":9}},{"start":{},"end":{}}]},"42":{"loc":{"start":{"line":1177,"column":6},"end":{"line":1182,"column":7}},"type":"if","locations":[{"start":{"line":1177,"column":6},"end":{"line":1182,"column":7}},{"start":{},"end":{}}]},"43":{"loc":{"start":{"line":1202,"column":6},"end":{"line":1204,"column":7}},"type":"if","locations":[{"start":{"line":1202,"column":6},"end":{"line":1204,"column":7}},{"start":{},"end":{}}]}},"s":{"0":0,"1":0,"2":0,"3":0,"4":0,"5":0,"6":0,"7":0,"8":0,"9":0,"10":0,"11":0,"12":0,"13":0,"14":0,"15":0,"16":0,"17":0,"18":0,"19":0,"20":0,"21":0,"22":0,"23":0,"24":0,"25":0,"26":0,"27":0,"28":0,"29":0,"30":0,"31":0,"32":0,"33":0,"34":0,"35":0,"36":0,"37":0,"38":0,"39":0,"40":0,"41":0,"42":0,"43":0,"44":0,"45":0,"46":0,"47":0,"48":0,"49":0,"50":0,"51":0,"52":0,"53":0,"54":0,"55":0,"56":0,"57":0,"58":0,"59":0,"60":0,"61":0,"62":0,"63":0,"64":0,"65":0,"66":0,"67":0,"68":0,"69":0,"70":0,"71":0,"72":0,"73":0,"74":0,"75":0,"76":0,"77":0,"78":0,"79":0,"80":0,"81":0,"82":0,"83":0,"84":0,"85":0,"86":0,"87":0,"88":0,"89":0,"90":0,"91":0,"92":0,"93":0,"94":0,"95":0,"96":0,"97":0,"98":0,"99":0,"100":0,"101":0,"102":0,"103":0,"104":0,"105":0,"106":0,"107":0,"108":0,"109":0,"110":0,"111":0,"112":0,"113":0,"114":0,"115":0,"116":0,"117":0,"118":0,"119":0,"120":0,"121":0,"122":0,"123":0,"124":0,"125":0,"126":0,"127":0,"128":0,"129":0,"130":0,"131":0,"132":0,"133":0,"134":0,"135":0,"136":0,"137":0,"138":0,"139":0,"140":0,"141":0,"142":0,"143":0,"144":0,"145":0,"146":0,"147":0,"148":0,"149":0,"150":0,"151":0,"152":0,"153":0,"154":0,"155":0,"156":0,"157":0,"158":0,"159":0,"160":0,"161":0,"162":0,"163":0,"164":0,"165":0,"166":0,"167":0,"168":0,"169":0,"170":0,"171":0,"172":0,"173":0,"174":0,"175":0,"176":0,"177":0,"178":0,"179":0,"180":0,"181":0,"182":0,"183":0,"184":0,"185":0,"186":0,"187":0,"188":0,"189":0,"190":0,"191":0,"192":0,"193":0,"194":0,"195":0,"196":0,"197":0,"198":0,"199":0,"200":0,"201":0,"202":0,"203":0,"204":0,"205":0,"206":0,"207":0,"208":0,"209":0,"210":0,"211":0,"212":0,"213":0,"214":0,"215":0,"216":0,"217":0,"218":0,"219":0,"220":0,"221":0,"222":0,"223":0,"224":0,"225":0,"226":0,"227":0,"228":0,"229":0,"230":0,"231":0,"232":0,"233":0,"234":0,"235":0,"236":0,"237":0,"238":0,"239":0,"240":0,"241":0,"242":0,"243":0,"244":0,"245":0,"246":0,"247":0,"248":0,"249":0,"250":0,"251":0,"252":0,"253":0,"254":0,"255":0,"256":0,"257":0,"258":0,"259":0,"260":0,"261":0,"262":0,"263":0,"264":0,"265":0,"266":0,"267":0,"268":0,"269":0,"270":0,"271":0,"272":0,"273":0,"274":0,"275":0,"276":0,"277":0,"278":0,"279":0,"280":0,"281":0,"282":0,"283":0,"284":0,"285":0},"f":{"0":0,"1":0,"2":0,"3":0,"4":0,"5":0,"6":0,"7":0,"8":0,"9":0,"10":0,"11":0,"12":0,"13":0,"14":0,"15":0,"16":0,"17":0,"18":0,"19":0},"b":{"0":[0,0],"1":[0,0],"2":[0,0],"3":[0,0],"4":[0,0],"5":[0,0],"6":[0,0],"7":[0,0],"8":[0,0],"9":[0,0],"10":[0,0],"11":[0,0,0],"12":[0,0],"13":[0,0],"14":[0,0],"15":[0,0],"16":[0,0],"17":[0,0],"18":[0,0],"19":[0,0],"20":[0,0],"21":[0,0],"22":[0,0],"23":[0,0],"24":[0,0],"25":[0,0],"26":[0,0],"27":[0,0],"28":[0,0],"29":[0,0],"30":[0,0],"31":[0,0],"32":[0,0,0],"33":[0,0],"34":[0,0],"35":[0,0],"36":[0,0],"37":[0,0],"38":[0,0],"39":[0,0],"40":[0,0],"41":[0,0],"42":[0,0],"43":[0,0]}}
,"/Users/musti/Documents/Projects/MyCrypto_Platform/services/auth-service/src/auth/entities/index.ts": {"path":"/Users/musti/Documents/Projects/MyCrypto_Platform/services/auth-service/src/auth/entities/index.ts","statementMap":{"0":{"start":{"line":1,"column":0},"end":{"line":1,"column":9}},"1":{"start":{"line":1,"column":9},"end":{"line":1,"column":15}},"2":{"start":{"line":1,"column":15},"end":{"line":1,"column":26}},"3":{"start":{"line":1,"column":26},"end":{"line":1,"column":60}},"4":{"start":{"line":2,"column":0},"end":{"line":2,"column":9}},"5":{"start":{"line":2,"column":9},"end":{"line":2,"column":43}},"6":{"start":{"line":3,"column":0},"end":{"line":3,"column":9}},"7":{"start":{"line":3,"column":9},"end":{"line":3,"column":67}},"8":{"start":{"line":4,"column":0},"end":{"line":4,"column":9}},"9":{"start":{"line":4,"column":9},"end":{"line":4,"column":57}},"10":{"start":{"line":5,"column":0},"end":{"line":5,"column":9}},"11":{"start":{"line":5,"column":9},"end":{"line":5,"column":70}},"12":{"start":{"line":6,"column":0},"end":{"line":6,"column":9}},"13":{"start":{"line":6,"column":9},"end":{"line":6,"column":28}},"14":{"start":{"line":6,"column":28},"end":{"line":6,"column":88}}},"fnMap":{"0":{"name":"(anonymous_0)","decl":{"start":{"line":1,"column":9},"end":{"line":1,"column":13}},"loc":{"start":{"line":1,"column":9},"end":{"line":1,"column":15}}},"1":{"name":"(anonymous_1)","decl":{"start":{"line":1,"column":15},"end":{"line":1,"column":24}},"loc":{"start":{"line":1,"column":15},"end":{"line":1,"column":26}}},"2":{"name":"(anonymous_2)","decl":{"start":{"line":1,"column":26},"end":{"line":1,"column":36}},"loc":{"start":{"line":1,"column":26},"end":{"line":1,"column":60}}},"3":{"name":"(anonymous_3)","decl":{"start":{"line":2,"column":9},"end":{"line":2,"column":16}},"loc":{"start":{"line":2,"column":9},"end":{"line":2,"column":43}}},"4":{"name":"(anonymous_4)","decl":{"start":{"line":3,"column":9},"end":{"line":3,"column":27}},"loc":{"start":{"line":3,"column":9},"end":{"line":3,"column":67}}},"5":{"name":"(anonymous_5)","decl":{"start":{"line":4,"column":9},"end":{"line":4,"column":22}},"loc":{"start":{"line":4,"column":9},"end":{"line":4,"column":57}}},"6":{"name":"(anonymous_6)","decl":{"start":{"line":5,"column":9},"end":{"line":5,"column":28}},"loc":{"start":{"line":5,"column":9},"end":{"line":5,"column":70}}},"7":{"name":"(anonymous_7)","decl":{"start":{"line":6,"column":9},"end":{"line":6,"column":26}},"loc":{"start":{"line":6,"column":9},"end":{"line":6,"column":28}}},"8":{"name":"(anonymous_8)","decl":{"start":{"line":6,"column":28},"end":{"line":6,"column":48}},"loc":{"start":{"line":6,"column":28},"end":{"line":6,"column":88}}}},"branchMap":{},"s":{"0":0,"1":0,"2":0,"3":0,"4":0,"5":0,"6":0,"7":0,"8":0,"9":0,"10":0,"11":0,"12":0,"13":0,"14":0},"f":{"0":0,"1":0,"2":0,"3":0,"4":0,"5":0,"6":0,"7":0,"8":0},"b":{}}
,"/Users/musti/Documents/Projects/MyCrypto_Platform/services/auth-service/src/auth/guards/jwt-auth.guard.ts": {"path":"/Users/musti/Documents/Projects/MyCrypto_Platform/services/auth-service/src/auth/guards/jwt-auth.guard.ts","statementMap":{"0":{"start":{"line":1,"column":0},"end":{"line":1,"column":62}},"1":{"start":{"line":2,"column":0},"end":{"line":2,"column":45}},"2":{"start":{"line":6,"column":7},"end":{"line":26,"column":null}},"3":{"start":{"line":11,"column":4},"end":{"line":11,"column":38}},"4":{"start":{"line":16,"column":4},"end":{"line":18,"column":5}},"5":{"start":{"line":17,"column":6},"end":{"line":17,"column":45}},"6":{"start":{"line":21,"column":20},"end":{"line":21,"column":55}},"7":{"start":{"line":22,"column":4},"end":{"line":22,"column":24}},"8":{"start":{"line":24,"column":4},"end":{"line":24,"column":16}},"9":{"start":{"line":6,"column":13},"end":{"line":6,"column":25}},"10":{"start":{"line":6,"column":13},"end":{"line":26,"column":null}}},"fnMap":{"0":{"name":"(anonymous_1)","decl":{"start":{"line":7,"column":2},"end":{"line":7,"column":13}},"loc":{"start":{"line":8,"column":29},"end":{"line":12,"column":3}}},"1":{"name":"(anonymous_2)","decl":{"start":{"line":14,"column":2},"end":{"line":14,"column":15}},"loc":{"start":{"line":14,"column":73},"end":{"line":25,"column":3}}}},"branchMap":{"0":{"loc":{"start":{"line":16,"column":4},"end":{"line":18,"column":5}},"type":"if","locations":[{"start":{"line":16,"column":4},"end":{"line":18,"column":5}},{"start":{},"end":{}}]},"1":{"loc":{"start":{"line":16,"column":8},"end":{"line":16,"column":20}},"type":"binary-expr","locations":[{"start":{"line":16,"column":8},"end":{"line":16,"column":11}},{"start":{"line":16,"column":15},"end":{"line":16,"column":20}}]},"2":{"loc":{"start":{"line":17,"column":12},"end":{"line":17,"column":44}},"type":"binary-expr","locations":[{"start":{"line":17,"column":12},"end":{"line":17,"column":15}},{"start":{"line":17,"column":19},"end":{"line":17,"column":44}}]}},"s":{"0":0,"1":0,"2":0,"3":0,"4":0,"5":0,"6":0,"7":0,"8":0,"9":0,"10":0},"f":{"0":0,"1":0},"b":{"0":[0,0],"1":[0,0],"2":[0,0]}}
,"/Users/musti/Documents/Projects/MyCrypto_Platform/services/auth-service/src/auth/services/token-blacklist.service.ts": {"path":"/Users/musti/Documents/Projects/MyCrypto_Platform/services/auth-service/src/auth/services/token-blacklist.service.ts","statementMap":{"0":{"start":{"line":1,"column":0},"end":{"line":1,"column":null}},"1":{"start":{"line":5,"column":0},"end":{"line":5,"column":47}},"2":{"start":{"line":6,"column":0},"end":{"line":6,"column":67}},"3":{"start":{"line":7,"column":0},"end":{"line":7,"column":41}},"4":{"start":{"line":10,"column":34},"end":{"line":252,"column":null}},"5":{"start":{"line":15,"column":21},"end":{"line":15,"column":35}},"6":{"start":{"line":16,"column":21},"end":{"line":16,"column":33}},"7":{"start":{"line":17,"column":21},"end":{"line":17,"column":36}},"8":{"start":{"line":11,"column":19},"end":{"line":11,"column":67}},"9":{"start":{"line":12,"column":19},"end":{"line":12,"column":50}},"10":{"start":{"line":31,"column":16},"end":{"line":31,"column":41}},"11":{"start":{"line":32,"column":18},"end":{"line":35,"column":6}},"12":{"start":{"line":37,"column":4},"end":{"line":52,"column":5}},"13":{"start":{"line":38,"column":21},"end":{"line":38,"column":50}},"14":{"start":{"line":39,"column":6},"end":{"line":39,"column":48}},"15":{"start":{"line":41,"column":6},"end":{"line":45,"column":9}},"16":{"start":{"line":47,"column":6},"end":{"line":50,"column":9}},"17":{"start":{"line":51,"column":6},"end":{"line":51,"column":18}},"18":{"start":{"line":61,"column":4},"end":{"line":63,"column":5}},"19":{"start":{"line":62,"column":6},"end":{"line":62,"column":19}},"20":{"start":{"line":65,"column":16},"end":{"line":65,"column":41}},"21":{"start":{"line":67,"column":4},"end":{"line":89,"column":5}},"22":{"start":{"line":68,"column":21},"end":{"line":68,"column":50}},"23":{"start":{"line":69,"column":21},"end":{"line":69,"column":45}},"24":{"start":{"line":71,"column":6},"end":{"line":73,"column":7}},"25":{"start":{"line":72,"column":8},"end":{"line":72,"column":63}},"26":{"start":{"line":75,"column":6},"end":{"line":75,"column":26}},"27":{"start":{"line":77,"column":6},"end":{"line":80,"column":9}},"28":{"start":{"line":84,"column":6},"end":{"line":86,"column":9}},"29":{"start":{"line":88,"column":6},"end":{"line":88,"column":19}},"30":{"start":{"line":101,"column":29},"end":{"line":101,"column":62}},"31":{"start":{"line":102,"column":27},"end":{"line":102,"column":37}},"32":{"start":{"line":103,"column":4},"end":{"line":103,"column":58}},"33":{"start":{"line":105,"column":4},"end":{"line":125,"column":5}},"34":{"start":{"line":106,"column":21},"end":{"line":106,"column":50}},"35":{"start":{"line":109,"column":6},"end":{"line":113,"column":8}},"36":{"start":{"line":115,"column":6},"end":{"line":118,"column":9}},"37":{"start":{"line":120,"column":6},"end":{"line":123,"column":9}},"38":{"start":{"line":124,"column":6},"end":{"line":124,"column":18}},"39":{"start":{"line":138,"column":29},"end":{"line":138,"column":62}},"40":{"start":{"line":140,"column":4},"end":{"line":159,"column":5}},"41":{"start":{"line":141,"column":21},"end":{"line":141,"column":50}},"42":{"start":{"line":142,"column":31},"end":{"line":142,"column":65}},"43":{"start":{"line":144,"column":6},"end":{"line":146,"column":7}},"44":{"start":{"line":145,"column":8},"end":{"line":145,"column":21}},"45":{"start":{"line":149,"column":28},"end":{"line":149,"column":54}},"46":{"start":{"line":150,"column":6},"end":{"line":150,"column":43}},"47":{"start":{"line":152,"column":6},"end":{"line":155,"column":9}},"48":{"start":{"line":158,"column":6},"end":{"line":158,"column":19}},"49":{"start":{"line":168,"column":4},"end":{"line":197,"column":5}},"50":{"start":{"line":170,"column":22},"end":{"line":170,"column":58}},"51":{"start":{"line":172,"column":6},"end":{"line":177,"column":7}},"52":{"start":{"line":173,"column":8},"end":{"line":175,"column":11}},"53":{"start":{"line":176,"column":8},"end":{"line":176,"column":15}},"54":{"start":{"line":179,"column":18},"end":{"line":179,"column":47}},"55":{"start":{"line":180,"column":24},"end":{"line":180,"column":41}},"56":{"start":{"line":182,"column":6},"end":{"line":188,"column":7}},"57":{"start":{"line":184,"column":8},"end":{"line":186,"column":11}},"58":{"start":{"line":187,"column":8},"end":{"line":187,"column":15}},"59":{"start":{"line":190,"column":6},"end":{"line":190,"column":59}},"60":{"start":{"line":192,"column":6},"end":{"line":195,"column":9}},"61":{"start":{"line":196,"column":6},"end":{"line":196,"column":18}},"62":{"start":{"line":205,"column":29},"end":{"line":205,"column":62}},"63":{"start":{"line":207,"column":4},"end":{"line":220,"column":5}},"64":{"start":{"line":208,"column":21},"end":{"line":208,"column":50}},"65":{"start":{"line":209,"column":6},"end":{"line":209,"column":41}},"66":{"start":{"line":211,"column":6},"end":{"line":213,"column":9}},"67":{"start":{"line":215,"column":6},"end":{"line":218,"column":9}},"68":{"start":{"line":219,"column":6},"end":{"line":219,"column":18}},"69":{"start":{"line":230,"column":4},"end":{"line":250,"column":5}},"70":{"start":{"line":231,"column":21},"end":{"line":231,"column":50}},"71":{"start":{"line":234,"column":24},"end":{"line":234,"column":71}},"72":{"start":{"line":235,"column":23},"end":{"line":235,"column":67}},"73":{"start":{"line":237,"column":6},"end":{"line":240,"column":8}},"74":{"start":{"line":242,"column":6},"end":{"line":244,"column":9}},"75":{"start":{"line":246,"column":6},"end":{"line":249,"column":8}},"76":{"start":{"line":10,"column":13},"end":{"line":10,"column":34}},"77":{"start":{"line":10,"column":13},"end":{"line":252,"column":null}}},"fnMap":{"0":{"name":"(anonymous_2)","decl":{"start":{"line":14,"column":2},"end":{"line":14,"column":null}},"loc":{"start":{"line":17,"column":49},"end":{"line":18,"column":6}}},"1":{"name":"(anonymous_3)","decl":{"start":{"line":26,"column":2},"end":{"line":26,"column":7}},"loc":{"start":{"line":29,"column":29},"end":{"line":53,"column":3}}},"2":{"name":"(anonymous_4)","decl":{"start":{"line":60,"column":2},"end":{"line":60,"column":7}},"loc":{"start":{"line":60,"column":33},"end":{"line":90,"column":3}}},"3":{"name":"(anonymous_5)","decl":{"start":{"line":96,"column":2},"end":{"line":96,"column":7}},"loc":{"start":{"line":96,"column":45},"end":{"line":126,"column":3}}},"4":{"name":"(anonymous_6)","decl":{"start":{"line":134,"column":2},"end":{"line":134,"column":7}},"loc":{"start":{"line":136,"column":23},"end":{"line":160,"column":3}}},"5":{"name":"(anonymous_7)","decl":{"start":{"line":167,"column":2},"end":{"line":167,"column":7}},"loc":{"start":{"line":167,"column":63},"end":{"line":198,"column":3}}},"6":{"name":"(anonymous_8)","decl":{"start":{"line":204,"column":2},"end":{"line":204,"column":7}},"loc":{"start":{"line":204,"column":41},"end":{"line":221,"column":3}}},"7":{"name":"(anonymous_9)","decl":{"start":{"line":226,"column":2},"end":{"line":226,"column":7}},"loc":{"start":{"line":226,"column":25},"end":{"line":251,"column":3}}}},"branchMap":{"0":{"loc":{"start":{"line":29,"column":4},"end":{"line":29,"column":29}},"type":"default-arg","locations":[{"start":{"line":29,"column":21},"end":{"line":29,"column":29}}]},"1":{"loc":{"start":{"line":61,"column":4},"end":{"line":63,"column":5}},"type":"if","locations":[{"start":{"line":61,"column":4},"end":{"line":63,"column":5}},{"start":{},"end":{}}]},"2":{"loc":{"start":{"line":71,"column":6},"end":{"line":73,"column":7}},"type":"if","locations":[{"start":{"line":71,"column":6},"end":{"line":73,"column":7}},{"start":{},"end":{}}]},"3":{"loc":{"start":{"line":144,"column":6},"end":{"line":146,"column":7}},"type":"if","locations":[{"start":{"line":144,"column":6},"end":{"line":146,"column":7}},{"start":{},"end":{}}]},"4":{"loc":{"start":{"line":167,"column":38},"end":{"line":167,"column":63}},"type":"default-arg","locations":[{"start":{"line":167,"column":55},"end":{"line":167,"column":63}}]},"5":{"loc":{"start":{"line":172,"column":6},"end":{"line":177,"column":7}},"type":"if","locations":[{"start":{"line":172,"column":6},"end":{"line":177,"column":7}},{"start":{},"end":{}}]},"6":{"loc":{"start":{"line":172,"column":10},"end":{"line":172,"column":34}},"type":"binary-expr","locations":[{"start":{"line":172,"column":10},"end":{"line":172,"column":18}},{"start":{"line":172,"column":22},"end":{"line":172,"column":34}}]},"7":{"loc":{"start":{"line":182,"column":6},"end":{"line":188,"column":7}},"type":"if","locations":[{"start":{"line":182,"column":6},"end":{"line":188,"column":7}},{"start":{},"end":{}}]}},"s":{"0":0,"1":0,"2":0,"3":0,"4":0,"5":0,"6":0,"7":0,"8":0,"9":0,"10":0,"11":0,"12":0,"13":0,"14":0,"15":0,"16":0,"17":0,"18":0,"19":0,"20":0,"21":0,"22":0,"23":0,"24":0,"25":0,"26":0,"27":0,"28":0,"29":0,"30":0,"31":0,"32":0,"33":0,"34":0,"35":0,"36":0,"37":0,"38":0,"39":0,"40":0,"41":0,"42":0,"43":0,"44":0,"45":0,"46":0,"47":0,"48":0,"49":0,"50":0,"51":0,"52":0,"53":0,"54":0,"55":0,"56":0,"57":0,"58":0,"59":0,"60":0,"61":0,"62":0,"63":0,"64":0,"65":0,"66":0,"67":0,"68":0,"69":0,"70":0,"71":0,"72":0,"73":0,"74":0,"75":0,"76":0,"77":0},"f":{"0":0,"1":0,"2":0,"3":0,"4":0,"5":0,"6":0,"7":0},"b":{"0":[0],"1":[0,0],"2":[0,0],"3":[0,0],"4":[0],"5":[0,0],"6":[0,0],"7":[0,0]}}
,"/Users/musti/Documents/Projects/MyCrypto_Platform/services/auth-service/src/auth/strategies/jwt.strategy.ts": {"path":"/Users/musti/Documents/Projects/MyCrypto_Platform/services/auth-service/src/auth/strategies/jwt.strategy.ts","statementMap":{"0":{"start":{"line":1,"column":0},"end":{"line":1,"column":67}},"1":{"start":{"line":2,"column":0},"end":{"line":2,"column":47}},"2":{"start":{"line":3,"column":0},"end":{"line":3,"column":52}},"3":{"start":{"line":4,"column":0},"end":{"line":4,"column":52}},"4":{"start":{"line":6,"column":0},"end":{"line":6,"column":76}},"5":{"start":{"line":7,"column":0},"end":{"line":7,"column":51}},"6":{"start":{"line":8,"column":0},"end":{"line":8,"column":37}},"7":{"start":{"line":9,"column":0},"end":{"line":9,"column":59}},"8":{"start":{"line":12,"column":7},"end":{"line":83,"column":null}},"9":{"start":{"line":19,"column":22},"end":{"line":19,"column":73}},"10":{"start":{"line":21,"column":6},"end":{"line":23,"column":53}},"11":{"start":{"line":25,"column":4},"end":{"line":31,"column":7}},"12":{"start":{"line":14,"column":21},"end":{"line":14,"column":36}},"13":{"start":{"line":15,"column":21},"end":{"line":15,"column":44}},"14":{"start":{"line":17,"column":21},"end":{"line":17,"column":37}},"15":{"start":{"line":36,"column":4},"end":{"line":38,"column":5}},"16":{"start":{"line":37,"column":6},"end":{"line":37,"column":60}},"17":{"start":{"line":41,"column":4},"end":{"line":46,"column":5}},"18":{"start":{"line":42,"column":28},"end":{"line":42,"column":87}},"19":{"start":{"line":43,"column":6},"end":{"line":45,"column":7}},"20":{"start":{"line":44,"column":8},"end":{"line":44,"column":66}},"21":{"start":{"line":49,"column":26},"end":{"line":49,"column":54}},"22":{"start":{"line":50,"column":35},"end":{"line":52,"column":null}},"23":{"start":{"line":54,"column":4},"end":{"line":56,"column":5}},"24":{"start":{"line":55,"column":6},"end":{"line":55,"column":64}},"25":{"start":{"line":59,"column":17},"end":{"line":61,"column":6}},"26":{"start":{"line":63,"column":4},"end":{"line":65,"column":5}},"27":{"start":{"line":64,"column":6},"end":{"line":64,"column":56}},"28":{"start":{"line":67,"column":4},"end":{"line":69,"column":5}},"29":{"start":{"line":68,"column":6},"end":{"line":68,"column":72}},"30":{"start":{"line":72,"column":23},"end":{"line":72,"column":48}},"31":{"start":{"line":73,"column":4},"end":{"line":75,"column":5}},"32":{"start":{"line":74,"column":6},"end":{"line":74,"column":58}},"33":{"start":{"line":77,"column":4},"end":{"line":81,"column":6}},"34":{"start":{"line":12,"column":13},"end":{"line":12,"column":24}},"35":{"start":{"line":12,"column":13},"end":{"line":83,"column":null}}},"fnMap":{"0":{"name":"(anonymous_4)","decl":{"start":{"line":13,"column":2},"end":{"line":13,"column":null}},"loc":{"start":{"line":17,"column":53},"end":{"line":32,"column":3}}},"1":{"name":"(anonymous_5)","decl":{"start":{"line":34,"column":2},"end":{"line":34,"column":7}},"loc":{"start":{"line":34,"column":46},"end":{"line":82,"column":3}}}},"branchMap":{"0":{"loc":{"start":{"line":21,"column":6},"end":{"line":23,"column":53}},"type":"cond-expr","locations":[{"start":{"line":22,"column":10},"end":{"line":22,"column":52}},{"start":{"line":23,"column":10},"end":{"line":23,"column":53}}]},"1":{"loc":{"start":{"line":36,"column":4},"end":{"line":38,"column":5}},"type":"if","locations":[{"start":{"line":36,"column":4},"end":{"line":38,"column":5}},{"start":{},"end":{}}]},"2":{"loc":{"start":{"line":41,"column":4},"end":{"line":46,"column":5}},"type":"if","locations":[{"start":{"line":41,"column":4},"end":{"line":46,"column":5}},{"start":{},"end":{}}]},"3":{"loc":{"start":{"line":43,"column":6},"end":{"line":45,"column":7}},"type":"if","locations":[{"start":{"line":43,"column":6},"end":{"line":45,"column":7}},{"start":{},"end":{}}]},"4":{"loc":{"start":{"line":54,"column":4},"end":{"line":56,"column":5}},"type":"if","locations":[{"start":{"line":54,"column":4},"end":{"line":56,"column":5}},{"start":{},"end":{}}]},"5":{"loc":{"start":{"line":63,"column":4},"end":{"line":65,"column":5}},"type":"if","locations":[{"start":{"line":63,"column":4},"end":{"line":65,"column":5}},{"start":{},"end":{}}]},"6":{"loc":{"start":{"line":67,"column":4},"end":{"line":69,"column":5}},"type":"if","locations":[{"start":{"line":67,"column":4},"end":{"line":69,"column":5}},{"start":{},"end":{}}]},"7":{"loc":{"start":{"line":67,"column":8},"end":{"line":67,"column":81}},"type":"binary-expr","locations":[{"start":{"line":67,"column":8},"end":{"line":67,"column":44}},{"start":{"line":67,"column":48},"end":{"line":67,"column":81}}]},"8":{"loc":{"start":{"line":73,"column":4},"end":{"line":75,"column":5}},"type":"if","locations":[{"start":{"line":73,"column":4},"end":{"line":75,"column":5}},{"start":{},"end":{}}]}},"s":{"0":0,"1":0,"2":0,"3":0,"4":0,"5":0,"6":0,"7":0,"8":0,"9":0,"10":0,"11":0,"12":0,"13":0,"14":0,"15":0,"16":0,"17":0,"18":0,"19":0,"20":0,"21":0,"22":0,"23":0,"24":0,"25":0,"26":0,"27":0,"28":0,"29":0,"30":0,"31":0,"32":0,"33":0,"34":0,"35":0},"f":{"0":0,"1":0},"b":{"0":[0,0],"1":[0,0],"2":[0,0],"3":[0,0],"4":[0,0],"5":[0,0],"6":[0,0],"7":[0,0],"8":[0,0]}}
,"/Users/musti/Documents/Projects/MyCrypto_Platform/services/auth-service/src/auth/two-factor/dto/index.ts": {"path":"/Users/musti/Documents/Projects/MyCrypto_Platform/services/auth-service/src/auth/two-factor/dto/index.ts","statementMap":{"0":{"start":{"line":5,"column":0},"end":{"line":5,"column":32}},"1":{"start":{"line":6,"column":0},"end":{"line":6,"column":33}},"2":{"start":{"line":7,"column":0},"end":{"line":7,"column":35}},"3":{"start":{"line":8,"column":0},"end":{"line":8,"column":34}},"4":{"start":{"line":9,"column":0},"end":{"line":9,"column":35}},"5":{"start":{"line":10,"column":0},"end":{"line":10,"column":39}},"6":{"start":{"line":11,"column":0},"end":{"line":11,"column":35}},"7":{"start":{"line":12,"column":0},"end":{"line":12,"column":40}}},"fnMap":{},"branchMap":{},"s":{"0":0,"1":0,"2":0,"3":0,"4":0,"5":0,"6":0,"7":0},"f":{},"b":{}}
,"/Users/musti/Documents/Projects/MyCrypto_Platform/services/auth-service/src/auth/two-factor/interfaces/two-factor.interface.ts": {"path":"/Users/musti/Documents/Projects/MyCrypto_Platform/services/auth-service/src/auth/two-factor/interfaces/two-factor.interface.ts","statementMap":{"0":{"start":{"line":129,"column":0},"end":{"line":129,"column":null}},"1":{"start":{"line":130,"column":2},"end":{"line":130,"column":null}},"2":{"start":{"line":131,"column":2},"end":{"line":131,"column":null}},"3":{"start":{"line":132,"column":2},"end":{"line":132,"column":null}},"4":{"start":{"line":133,"column":2},"end":{"line":133,"column":null}},"5":{"start":{"line":134,"column":2},"end":{"line":134,"column":null}},"6":{"start":{"line":135,"column":2},"end":{"line":135,"column":null}},"7":{"start":{"line":136,"column":2},"end":{"line":136,"column":null}},"8":{"start":{"line":137,"column":2},"end":{"line":137,"column":null}},"9":{"start":{"line":238,"column":0},"end":{"line":238,"column":null}},"10":{"start":{"line":239,"column":2},"end":{"line":239,"column":null}},"11":{"start":{"line":240,"column":2},"end":{"line":240,"column":null}},"12":{"start":{"line":241,"column":2},"end":{"line":241,"column":null}},"13":{"start":{"line":242,"column":2},"end":{"line":242,"column":null}},"14":{"start":{"line":243,"column":2},"end":{"line":243,"column":null}},"15":{"start":{"line":244,"column":2},"end":{"line":244,"column":null}},"16":{"start":{"line":245,"column":2},"end":{"line":245,"column":null}},"17":{"start":{"line":246,"column":2},"end":{"line":246,"column":null}},"18":{"start":{"line":258,"column":4},"end":{"line":258,"column":19}},"19":{"start":{"line":254,"column":20},"end":{"line":254,"column":44}},"20":{"start":{"line":256,"column":20},"end":{"line":256,"column":41}},"21":{"start":{"line":259,"column":4},"end":{"line":259,"column":33}},"22":{"start":{"line":252,"column":0},"end":{"line":252,"column":13}}},"fnMap":{"0":{"name":"(anonymous_0)","decl":{"start":{"line":129,"column":0},"end":{"line":129,"column":12}},"loc":{"start":{"line":129,"column":30},"end":{"line":138,"column":1}}},"1":{"name":"(anonymous_1)","decl":{"start":{"line":238,"column":0},"end":{"line":238,"column":12}},"loc":{"start":{"line":238,"column":30},"end":{"line":247,"column":1}}},"2":{"name":"(anonymous_2)","decl":{"start":{"line":253,"column":2},"end":{"line":253,"column":null}},"loc":{"start":{"line":256,"column":44},"end":{"line":260,"column":3}}}},"branchMap":{"0":{"loc":{"start":{"line":129,"column":12},"end":{"line":129,"column":null}},"type":"binary-expr","locations":[{"start":{"line":129,"column":12},"end":{"line":129,"column":30}},{"start":{"line":129,"column":30},"end":{"line":129,"column":null}}]},"1":{"loc":{"start":{"line":238,"column":12},"end":{"line":238,"column":null}},"type":"binary-expr","locations":[{"start":{"line":238,"column":12},"end":{"line":238,"column":30}},{"start":{"line":238,"column":30},"end":{"line":238,"column":null}}]},"2":{"loc":{"start":{"line":256,"column":20},"end":{"line":256,"column":44}},"type":"default-arg","locations":[{"start":{"line":256,"column":41},"end":{"line":256,"column":44}}]}},"s":{"0":0,"1":0,"2":0,"3":0,"4":0,"5":0,"6":0,"7":0,"8":0,"9":0,"10":0,"11":0,"12":0,"13":0,"14":0,"15":0,"16":0,"17":0,"18":0,"19":0,"20":0,"21":0,"22":0},"f":{"0":0,"1":0,"2":0},"b":{"0":[0,0],"1":[0,0],"2":[0]}}
,"/Users/musti/Documents/Projects/MyCrypto_Platform/services/auth-service/src/auth/two-factor/utils/backup-codes.service.ts": {"path":"/Users/musti/Documents/Projects/MyCrypto_Platform/services/auth-service/src/auth/two-factor/utils/backup-codes.service.ts","statementMap":{"0":{"start":{"line":1,"column":0},"end":{"line":1,"column":44}},"1":{"start":{"line":2,"column":0},"end":{"line":2,"column":33}},"2":{"start":{"line":3,"column":0},"end":{"line":3,"column":35}},"3":{"start":{"line":9,"column":7},"end":{"line":59,"column":null}},"4":{"start":{"line":10,"column":19},"end":{"line":10,"column":42}},"5":{"start":{"line":11,"column":19},"end":{"line":11,"column":38}},"6":{"start":{"line":18,"column":28},"end":{"line":18,"column":30}},"7":{"start":{"line":19,"column":4},"end":{"line":24,"column":5}},"8":{"start":{"line":19,"column":17},"end":{"line":19,"column":18}},"9":{"start":{"line":20,"column":20},"end":{"line":20,"column":41}},"10":{"start":{"line":21,"column":18},"end":{"line":21,"column":53}},"11":{"start":{"line":22,"column":19},"end":{"line":22,"column":66}},"12":{"start":{"line":23,"column":6},"end":{"line":23,"column":23}},"13":{"start":{"line":25,"column":4},"end":{"line":25,"column":17}},"14":{"start":{"line":34,"column":4},"end":{"line":34,"column":49}},"15":{"start":{"line":44,"column":4},"end":{"line":48,"column":5}},"16":{"start":{"line":45,"column":6},"end":{"line":45,"column":46}},"17":{"start":{"line":47,"column":6},"end":{"line":47,"column":19}},"18":{"start":{"line":57,"column":4},"end":{"line":57,"column":65}},"19":{"start":{"line":57,"column":43},"end":{"line":57,"column":62}},"20":{"start":{"line":9,"column":13},"end":{"line":9,"column":30}},"21":{"start":{"line":9,"column":13},"end":{"line":59,"column":null}}},"fnMap":{"0":{"name":"(anonymous_10)","decl":{"start":{"line":9,"column":7},"end":{"line":9,"column":13}},"loc":{"start":{"line":9,"column":7},"end":{"line":59,"column":1}}},"1":{"name":"(anonymous_11)","decl":{"start":{"line":17,"column":2},"end":{"line":17,"column":15}},"loc":{"start":{"line":17,"column":15},"end":{"line":26,"column":3}}},"2":{"name":"(anonymous_12)","decl":{"start":{"line":33,"column":2},"end":{"line":33,"column":7}},"loc":{"start":{"line":33,"column":29},"end":{"line":35,"column":3}}},"3":{"name":"(anonymous_13)","decl":{"start":{"line":43,"column":2},"end":{"line":43,"column":7}},"loc":{"start":{"line":43,"column":45},"end":{"line":49,"column":3}}},"4":{"name":"(anonymous_14)","decl":{"start":{"line":56,"column":2},"end":{"line":56,"column":7}},"loc":{"start":{"line":56,"column":33},"end":{"line":58,"column":3}}},"5":{"name":"(anonymous_15)","decl":{"start":{"line":57,"column":33},"end":{"line":57,"column":34}},"loc":{"start":{"line":57,"column":43},"end":{"line":57,"column":62}}}},"branchMap":{},"s":{"0":0,"1":0,"2":0,"3":0,"4":0,"5":0,"6":0,"7":0,"8":0,"9":0,"10":0,"11":0,"12":0,"13":0,"14":0,"15":0,"16":0,"17":0,"18":0,"19":0,"20":0,"21":0},"f":{"0":0,"1":0,"2":0,"3":0,"4":0,"5":0},"b":{}}
,"/Users/musti/Documents/Projects/MyCrypto_Platform/services/auth-service/src/auth/two-factor/utils/encryption.service.ts": {"path":"/Users/musti/Documents/Projects/MyCrypto_Platform/services/auth-service/src/auth/two-factor/utils/encryption.service.ts","statementMap":{"0":{"start":{"line":1,"column":0},"end":{"line":1,"column":44}},"1":{"start":{"line":2,"column":0},"end":{"line":2,"column":33}},"2":{"start":{"line":8,"column":7},"end":{"line":84,"column":null}},"3":{"start":{"line":10,"column":19},"end":{"line":10,"column":45}},"4":{"start":{"line":13,"column":4},"end":{"line":15,"column":5}},"5":{"start":{"line":14,"column":6},"end":{"line":14,"column":52}},"6":{"start":{"line":16,"column":4},"end":{"line":16,"column":58}},"7":{"start":{"line":25,"column":4},"end":{"line":39,"column":5}},"8":{"start":{"line":26,"column":17},"end":{"line":26,"column":39}},"9":{"start":{"line":27,"column":21},"end":{"line":27,"column":82}},"10":{"start":{"line":29,"column":22},"end":{"line":29,"column":61}},"11":{"start":{"line":30,"column":6},"end":{"line":30,"column":39}},"12":{"start":{"line":32,"column":22},"end":{"line":32,"column":41}},"13":{"start":{"line":35,"column":23},"end":{"line":35,"column":79}},"14":{"start":{"line":36,"column":6},"end":{"line":36,"column":61}},"15":{"start":{"line":38,"column":6},"end":{"line":38,"column":61}},"16":{"start":{"line":48,"column":4},"end":{"line":65,"column":5}},"17":{"start":{"line":49,"column":23},"end":{"line":49,"column":72}},"18":{"start":{"line":52,"column":17},"end":{"line":52,"column":62}},"19":{"start":{"line":53,"column":22},"end":{"line":53,"column":68}},"20":{"start":{"line":54,"column":24},"end":{"line":54,"column":46}},"21":{"start":{"line":56,"column":23},"end":{"line":56,"column":86}},"22":{"start":{"line":57,"column":6},"end":{"line":57,"column":35}},"23":{"start":{"line":59,"column":22},"end":{"line":59,"column":63}},"24":{"start":{"line":60,"column":6},"end":{"line":60,"column":42}},"25":{"start":{"line":62,"column":6},"end":{"line":62,"column":23}},"26":{"start":{"line":64,"column":6},"end":{"line":64,"column":61}},"27":{"start":{"line":75,"column":4},"end":{"line":77,"column":5}},"28":{"start":{"line":76,"column":6},"end":{"line":76,"column":19}},"29":{"start":{"line":79,"column":20},"end":{"line":79,"column":34}},"30":{"start":{"line":80,"column":20},"end":{"line":80,"column":34}},"31":{"start":{"line":82,"column":4},"end":{"line":82,"column":52}},"32":{"start":{"line":8,"column":13},"end":{"line":8,"column":30}},"33":{"start":{"line":8,"column":13},"end":{"line":84,"column":null}}},"fnMap":{"0":{"name":"(anonymous_11)","decl":{"start":{"line":12,"column":2},"end":{"line":12,"column":14}},"loc":{"start":{"line":12,"column":31},"end":{"line":17,"column":3}}},"1":{"name":"(anonymous_12)","decl":{"start":{"line":24,"column":2},"end":{"line":24,"column":9}},"loc":{"start":{"line":24,"column":27},"end":{"line":40,"column":3}}},"2":{"name":"(anonymous_13)","decl":{"start":{"line":47,"column":2},"end":{"line":47,"column":9}},"loc":{"start":{"line":47,"column":28},"end":{"line":66,"column":3}}},"3":{"name":"(anonymous_14)","decl":{"start":{"line":74,"column":2},"end":{"line":74,"column":21}},"loc":{"start":{"line":74,"column":42},"end":{"line":83,"column":3}}}},"branchMap":{"0":{"loc":{"start":{"line":13,"column":4},"end":{"line":15,"column":5}},"type":"if","locations":[{"start":{"line":13,"column":4},"end":{"line":15,"column":5}},{"start":{},"end":{}}]},"1":{"loc":{"start":{"line":75,"column":4},"end":{"line":77,"column":5}},"type":"if","locations":[{"start":{"line":75,"column":4},"end":{"line":77,"column":5}},{"start":{},"end":{}}]}},"s":{"0":0,"1":0,"2":0,"3":0,"4":0,"5":0,"6":0,"7":0,"8":0,"9":0,"10":0,"11":0,"12":0,"13":0,"14":0,"15":0,"16":0,"17":0,"18":0,"19":0,"20":0,"21":0,"22":0,"23":0,"24":0,"25":0,"26":0,"27":0,"28":0,"29":0,"30":0,"31":0,"32":0,"33":0},"f":{"0":0,"1":0,"2":0,"3":0},"b":{"0":[0,0],"1":[0,0]}}
,"/Users/musti/Documents/Projects/MyCrypto_Platform/services/auth-service/src/auth/two-factor/utils/redis-2fa.service.ts": {"path":"/Users/musti/Documents/Projects/MyCrypto_Platform/services/auth-service/src/auth/two-factor/utils/redis-2fa.service.ts","statementMap":{"0":{"start":{"line":1,"column":0},"end":{"line":1,"column":44}},"1":{"start":{"line":2,"column":0},"end":{"line":2,"column":70}},"2":{"start":{"line":3,"column":0},"end":{"line":3,"column":33}},"3":{"start":{"line":9,"column":7},"end":{"line":228,"column":null}},"4":{"start":{"line":10,"column":31},"end":{"line":10,"column":45}},"5":{"start":{"line":22,"column":23},"end":{"line":22,"column":49}},"6":{"start":{"line":23,"column":16},"end":{"line":23,"column":37}},"7":{"start":{"line":24,"column":18},"end":{"line":28,"column":6}},"8":{"start":{"line":30,"column":4},"end":{"line":30,"column":51}},"9":{"start":{"line":31,"column":4},"end":{"line":31,"column":22}},"10":{"start":{"line":44,"column":16},"end":{"line":44,"column":37}},"11":{"start":{"line":45,"column":17},"end":{"line":45,"column":49}},"12":{"start":{"line":47,"column":4},"end":{"line":49,"column":5}},"13":{"start":{"line":48,"column":6},"end":{"line":48,"column":18}},"14":{"start":{"line":51,"column":19},"end":{"line":51,"column":35}},"15":{"start":{"line":54,"column":4},"end":{"line":56,"column":5}},"16":{"start":{"line":55,"column":6},"end":{"line":55,"column":18}},"17":{"start":{"line":58,"column":4},"end":{"line":58,"column":18}},"18":{"start":{"line":66,"column":16},"end":{"line":66,"column":37}},"19":{"start":{"line":67,"column":4},"end":{"line":67,"column":37}},"20":{"start":{"line":76,"column":27},"end":{"line":76,"column":53}},"21":{"start":{"line":77,"column":16},"end":{"line":77,"column":41}},"22":{"start":{"line":78,"column":18},"end":{"line":82,"column":6}},"23":{"start":{"line":84,"column":4},"end":{"line":84,"column":51}},"24":{"start":{"line":85,"column":4},"end":{"line":85,"column":26}},"25":{"start":{"line":95,"column":16},"end":{"line":95,"column":55}},"26":{"start":{"line":96,"column":19},"end":{"line":96,"column":51}},"27":{"start":{"line":98,"column":4},"end":{"line":100,"column":5}},"28":{"start":{"line":99,"column":6},"end":{"line":99,"column":18}},"29":{"start":{"line":103,"column":25},"end":{"line":103,"column":50}},"30":{"start":{"line":104,"column":17},"end":{"line":104,"column":58}},"31":{"start":{"line":106,"column":4},"end":{"line":108,"column":5}},"32":{"start":{"line":107,"column":6},"end":{"line":107,"column":18}},"33":{"start":{"line":110,"column":19},"end":{"line":110,"column":35}},"34":{"start":{"line":111,"column":4},"end":{"line":113,"column":5}},"35":{"start":{"line":112,"column":6},"end":{"line":112,"column":18}},"36":{"start":{"line":115,"column":4},"end":{"line":115,"column":18}},"37":{"start":{"line":124,"column":27},"end":{"line":124,"column":53}},"38":{"start":{"line":125,"column":16},"end":{"line":125,"column":41}},"39":{"start":{"line":126,"column":23},"end":{"line":126,"column":62}},"40":{"start":{"line":128,"column":18},"end":{"line":132,"column":6}},"41":{"start":{"line":135,"column":4},"end":{"line":135,"column":51}},"42":{"start":{"line":136,"column":4},"end":{"line":136,"column":59}},"43":{"start":{"line":138,"column":4},"end":{"line":138,"column":26}},"44":{"start":{"line":147,"column":16},"end":{"line":147,"column":41}},"45":{"start":{"line":148,"column":23},"end":{"line":148,"column":62}},"46":{"start":{"line":149,"column":4},"end":{"line":149,"column":37}},"47":{"start":{"line":150,"column":4},"end":{"line":150,"column":44}},"48":{"start":{"line":159,"column":16},"end":{"line":159,"column":40}},"49":{"start":{"line":160,"column":18},"end":{"line":160,"column":50}},"50":{"start":{"line":161,"column":4},"end":{"line":161,"column":43}},"51":{"start":{"line":170,"column":16},"end":{"line":170,"column":40}},"52":{"start":{"line":171,"column":18},"end":{"line":171,"column":51}},"53":{"start":{"line":174,"column":4},"end":{"line":176,"column":5}},"54":{"start":{"line":175,"column":6},"end":{"line":175,"column":47}},"55":{"start":{"line":178,"column":4},"end":{"line":178,"column":17}},"56":{"start":{"line":187,"column":21},"end":{"line":187,"column":57}},"57":{"start":{"line":188,"column":4},"end":{"line":188,"column":25}},"58":{"start":{"line":196,"column":16},"end":{"line":196,"column":40}},"59":{"start":{"line":197,"column":4},"end":{"line":197,"column":37}},"60":{"start":{"line":208,"column":16},"end":{"line":208,"column":46}},"61":{"start":{"line":209,"column":18},"end":{"line":209,"column":51}},"62":{"start":{"line":211,"column":4},"end":{"line":213,"column":5}},"63":{"start":{"line":212,"column":6},"end":{"line":212,"column":48}},"64":{"start":{"line":215,"column":4},"end":{"line":218,"column":6}},"65":{"start":{"line":226,"column":4},"end":{"line":226,"column":50}},"66":{"start":{"line":9,"column":13},"end":{"line":9,"column":28}},"67":{"start":{"line":9,"column":13},"end":{"line":228,"column":null}}},"fnMap":{"0":{"name":"(anonymous_11)","decl":{"start":{"line":10,"column":2},"end":{"line":10,"column":31}},"loc":{"start":{"line":10,"column":57},"end":{"line":10,"column":61}}},"1":{"name":"(anonymous_12)","decl":{"start":{"line":18,"column":2},"end":{"line":18,"column":7}},"loc":{"start":{"line":20,"column":28},"end":{"line":32,"column":3}}},"2":{"name":"(anonymous_13)","decl":{"start":{"line":40,"column":2},"end":{"line":40,"column":7}},"loc":{"start":{"line":42,"column":22},"end":{"line":59,"column":3}}},"3":{"name":"(anonymous_14)","decl":{"start":{"line":65,"column":2},"end":{"line":65,"column":7}},"loc":{"start":{"line":65,"column":37},"end":{"line":68,"column":3}}},"4":{"name":"(anonymous_15)","decl":{"start":{"line":75,"column":2},"end":{"line":75,"column":7}},"loc":{"start":{"line":75,"column":42},"end":{"line":86,"column":3}}},"5":{"name":"(anonymous_16)","decl":{"start":{"line":93,"column":2},"end":{"line":93,"column":7}},"loc":{"start":{"line":93,"column":51},"end":{"line":116,"column":3}}},"6":{"name":"(anonymous_17)","decl":{"start":{"line":123,"column":2},"end":{"line":123,"column":7}},"loc":{"start":{"line":123,"column":52},"end":{"line":139,"column":3}}},"7":{"name":"(anonymous_18)","decl":{"start":{"line":146,"column":2},"end":{"line":146,"column":7}},"loc":{"start":{"line":146,"column":66},"end":{"line":151,"column":3}}},"8":{"name":"(anonymous_19)","decl":{"start":{"line":158,"column":2},"end":{"line":158,"column":7}},"loc":{"start":{"line":158,"column":40},"end":{"line":162,"column":3}}},"9":{"name":"(anonymous_20)","decl":{"start":{"line":169,"column":2},"end":{"line":169,"column":7}},"loc":{"start":{"line":169,"column":46},"end":{"line":179,"column":3}}},"10":{"name":"(anonymous_21)","decl":{"start":{"line":186,"column":2},"end":{"line":186,"column":7}},"loc":{"start":{"line":186,"column":34},"end":{"line":189,"column":3}}},"11":{"name":"(anonymous_22)","decl":{"start":{"line":195,"column":2},"end":{"line":195,"column":7}},"loc":{"start":{"line":195,"column":42},"end":{"line":198,"column":3}}},"12":{"name":"(anonymous_23)","decl":{"start":{"line":205,"column":2},"end":{"line":205,"column":7}},"loc":{"start":{"line":206,"column":21},"end":{"line":219,"column":3}}},"13":{"name":"(anonymous_24)","decl":{"start":{"line":225,"column":10},"end":{"line":225,"column":29}},"loc":{"start":{"line":225,"column":29},"end":{"line":227,"column":3}}}},"branchMap":{"0":{"loc":{"start":{"line":47,"column":4},"end":{"line":49,"column":5}},"type":"if","locations":[{"start":{"line":47,"column":4},"end":{"line":49,"column":5}},{"start":{},"end":{}}]},"1":{"loc":{"start":{"line":54,"column":4},"end":{"line":56,"column":5}},"type":"if","locations":[{"start":{"line":54,"column":4},"end":{"line":56,"column":5}},{"start":{},"end":{}}]},"2":{"loc":{"start":{"line":98,"column":4},"end":{"line":100,"column":5}},"type":"if","locations":[{"start":{"line":98,"column":4},"end":{"line":100,"column":5}},{"start":{},"end":{}}]},"3":{"loc":{"start":{"line":106,"column":4},"end":{"line":108,"column":5}},"type":"if","locations":[{"start":{"line":106,"column":4},"end":{"line":108,"column":5}},{"start":{},"end":{}}]},"4":{"loc":{"start":{"line":111,"column":4},"end":{"line":113,"column":5}},"type":"if","locations":[{"start":{"line":111,"column":4},"end":{"line":113,"column":5}},{"start":{},"end":{}}]},"5":{"loc":{"start":{"line":161,"column":11},"end":{"line":161,"column":42}},"type":"cond-expr","locations":[{"start":{"line":161,"column":19},"end":{"line":161,"column":38}},{"start":{"line":161,"column":41},"end":{"line":161,"column":42}}]},"6":{"loc":{"start"
[...]
,"/Users/musti/Documents/Projects/MyCrypto_Platform/services/auth-service/src/common/decorators/configurable-rate-limit.decorator.ts": {"path":"/Users/musti/Documents/Projects/MyCrypto_Platform/services/auth-service/src/common/decorators/configurable-rate-limit.decorator.ts","statementMap":{"0":{"start":{"line":1,"column":0},"end":{"line":1,"column":45}},"1":{"start":{"line":17,"column":13},"end":{"line":17,"column":67}},"2":{"start":{"line":19,"column":37},"end":{"line":21,"column":1}},"3":{"start":{"line":20,"column":2},"end":{"line":20,"column":59}},"4":{"start":{"line":19,"column":13},"end":{"line":19,"column":37}}},"fnMap":{"0":{"name":"(anonymous_0)","decl":{"start":{"line":19,"column":37},"end":{"line":19,"column":38}},"loc":{"start":{"line":19,"column":96},"end":{"line":21,"column":1}}}},"branchMap":{},"s":{"0":0,"1":0,"2":0,"3":0,"4":0},"f":{"0":0},"b":{}}
,"/Users/musti/Documents/Projects/MyCrypto_Platform/services/auth-service/src/common/decorators/rate-limit.decorator.ts": {"path":"/Users/musti/Documents/Projects/MyCrypto_Platform/services/auth-service/src/common/decorators/rate-limit.decorator.ts","statementMap":{"0":{"start":{"line":1,"column":0},"end":{"line":1,"column":45}},"1":{"start":{"line":2,"column":0},"end":{"line":2,"column":80}},"2":{"start":{"line":10,"column":25},"end":{"line":17,"column":1}},"3":{"start":{"line":11,"column":36},"end":{"line":15,"column":4}},"4":{"start":{"line":16,"column":2},"end":{"line":16,"column":46}},"5":{"start":{"line":10,"column":13},"end":{"line":10,"column":25}}},"fnMap":{"0":{"name":"(anonymous_0)","decl":{"start":{"line":10,"column":25},"end":{"line":10,"column":26}},"loc":{"start":{"line":10,"column":97},"end":{"line":17,"column":1}}}},"branchMap":{},"s":{"0":0,"1":0,"2":0,"3":0,"4":0,"5":0},"f":{"0":0},"b":{}}
,"/Users/musti/Documents/Projects/MyCrypto_Platform/services/auth-service/src/common/guards/rate-limiter.guard.ts": {"path":"/Users/musti/Documents/Projects/MyCrypto_Platform/services/auth-service/src/common/guards/rate-limiter.guard.ts","statementMap":{"0":{"start":{"line":1,"column":0},"end":{"line":1,"column":null}},"1":{"start":{"line":8,"column":0},"end":{"line":8,"column":47}},"2":{"start":{"line":9,"column":0},"end":{"line":9,"column":41}},"3":{"start":{"line":11,"column":0},"end":{"line":11,"column":57}},"4":{"start":{"line":12,"column":0},"end":{"line":12,"column":124}},"5":{"start":{"line":20,"column":13},"end":{"line":20,"column":42}},"6":{"start":{"line":23,"column":7},"end":{"line":147,"column":null}},"7":{"start":{"line":25,"column":21},"end":{"line":25,"column":35}},"8":{"start":{"line":26,"column":21},"end":{"line":26,"column":36}},"9":{"start":{"line":27,"column":21},"end":{"line":27,"column":32}},"10":{"start":{"line":31,"column":20},"end":{"line":31,"column":64}},"11":{"start":{"line":32,"column":21},"end":{"line":32,"column":57}},"12":{"start":{"line":35,"column":27},"end":{"line":37,"column":null}},"13":{"start":{"line":41,"column":4},"end":{"line":64,"column":5}},"14":{"start":{"line":42,"column":34},"end":{"line":44,"column":null}},"15":{"start":{"line":47,"column":6},"end":{"line":63,"column":7}},"16":{"start":{"line":49,"column":22},"end":{"line":51,"column":null}},"17":{"start":{"line":53,"column":25},"end":{"line":55,"column":null}},"18":{"start":{"line":58,"column":8},"end":{"line":62,"column":10}},"19":{"start":{"line":66,"column":4},"end":{"line":69,"column":5}},"20":{"start":{"line":68,"column":6},"end":{"line":68,"column":18}},"21":{"start":{"line":72,"column":15},"end":{"line":72,"column":40}},"22":{"start":{"line":75,"column":26},"end":{"line":75,"column":67}},"23":{"start":{"line":76,"column":4},"end":{"line":78,"column":5}},"24":{"start":{"line":77,"column":6},"end":{"line":77,"column":18}},"25":{"start":{"line":81,"column":16},"end":{"line":81,"column":53}},"26":{"start":{"line":84,"column":19},"end":{"line":87,"column":null}},"27":{"start":{"line":91,"column":4},"end":{"line":91,"column":68}},"28":{"start":{"line":92,"column":4},"end":{"line":92,"column":100}},"29":{"start":{"line":93,"column":4},"end":{"line":93,"column":108}},"30":{"start":{"line":95,"column":4},"end":{"line":115,"column":5}},"31":{"start":{"line":97,"column":6},"end":{"line":97,"column":106}},"32":{"start":{"line":100,"column":6},"end":{"line":114,"column":8}},"33":{"start":{"line":117,"column":4},"end":{"line":117,"column":16}},"34":{"start":{"line":125,"column":25},"end":{"line":125,"column":59}},"35":{"start":{"line":126,"column":4},"end":{"line":129,"column":5}},"36":{"start":{"line":127,"column":18},"end":{"line":127,"column":78}},"37":{"start":{"line":128,"column":6},"end":{"line":128,"column":38}},"38":{"start":{"line":132,"column":19},"end":{"line":132,"column":47}},"39":{"start":{"line":133,"column":4},"end":{"line":135,"column":5}},"40":{"start":{"line":134,"column":6},"end":{"line":134,"column":56}},"41":{"start":{"line":138,"column":4},"end":{"line":138,"column":67}},"42":{"start":{"line":145,"column":4},"end":{"line":145,"column":101}},"43":{"start":{"line":23,"column":13},"end":{"line":23,"column":29}},"44":{"start":{"line":23,"column":13},"end":{"line":147,"column":null}}},"fnMap":{"0":{"name":"(anonymous_2)","decl":{"start":{"line":24,"column":2},"end":{"line":24,"column":null}},"loc":{"start":{"line":27,"column":41},"end":{"line":28,"column":6}}},"1":{"name":"(anonymous_3)","decl":{"start":{"line":30,"column":2},"end":{"line":30,"column":7}},"loc":{"start":{"line":30,"column":45},"end":{"line":118,"column":3}}},"2":{"name":"(anonymous_4)","decl":{"start":{"line":123,"column":10},"end":{"line":123,"column":21}},"loc":{"start":{"line":123,"column":38},"end":{"line":139,"column":3}}},"3":{"name":"(anonymous_5)","decl":{"start":{"line":144,"column":10},"end":{"line":144,"column":27}},"loc":{"start":{"line":144,"column":27},"end":{"line":146,"column":3}}}},"branchMap":{"0":{"loc":{"start":{"line":41,"column":4},"end":{"line":64,"column":5}},"type":"if","locations":[{"start":{"line":41,"column":4},"end":{"line":64,"column":5}},{"start":{},"end":{}}]},"1":{"loc":{"start":{"line":47,"column":6},"end":{"line":63,"column":7}},"type":"if","locations":[{"start":{"line":47,"column":6},"end":{"line":63,"column":7}},{"start":{},"end":{}}]},"2":{"loc":{"start":{"line":51,"column":10},"end":{"line":51,"column":47}},"type":"binary-expr","locations":[{"start":{"line":51,"column":10},"end":{"line":51,"column":42}},{"start":{"line":51,"column":46},"end":{"line":51,"column":47}}]},"3":{"loc":{"start":{"line":55,"column":10},"end":{"line":55,"column":56}},"type":"binary-expr","locations":[{"start":{"line":55,"column":10},"end":{"line":55,"column":45}},{"start":{"line":55,"column":49},"end":{"line":55,"column":56}}]},"4":{"loc":{"start":{"line":66,"column":4},"end":{"line":69,"column":5}},"type":"if","locations":[{"start":{"line":66,"column":4},"end":{"line":69,"column":5}},{"start":{},"end":{}}]},"5":{"loc":{"start":{"line":76,"column":4},"end":{"line":78,"column":5}},"type":"if","locations":[{"start":{"line":76,"column":4},"end":{"line":78,"column":5}},{"start":{},"end":{}}]},"6":{"loc":{"start":{"line":95,"column":4},"end":{"line":115,"column":5}},"type":"if","locations":[{"start":{"line":95,"column":4},"end":{"line":115,"column":5}},{"start":{},"end":{}}]},"7":{"loc":{"start":{"line":97,"column":40},"end":{"line":97,"column":104}},"type":"binary-expr","locations":[{"start":{"line":97,"column":40},"end":{"line":97,"column":57}},{"start":{"line":97,"column":61},"end":{"line":97,"column":104}}]},"8":{"loc":{"start":{"line":106,"column":25},"end":{"line":106,"column":89}},"type":"binary-expr","locations":[{"start":{"line":106,"column":25},"end":{"line":106,"column":42}},{"start":{"line":106,"column":46},"end":{"line":106,"column":89}}]},"9":{"loc":{"start":{"line":126,"column":4},"end":{"line":129,"column":5}},"type":"if","locations":[{"start":{"line":126,"column":4},"end":{"line":129,"column":5}},{"start":{},"end":{}}]},"10":{"loc":{"start":{"line":127,"column":18},"end":{"line":127,"column":78}},"type":"cond-expr","locations":[{"start":{"line":127,"column":48},"end":{"line":127,"column":63}},{"start":{"line":127,"column":66},"end":{"line":127,"column":78}}]},"11":{"loc":{"start":{"line":133,"column":4},"end":{"line":135,"column":5}},"type":"if","locations":[{"start":{"line":133,"column":4},"end":{"line":135,"column":5}},{"start":{},"end":{}}]},"12":{"loc":{"start":{"line":134,"column":13},"end":{"line":134,"column":55}},"type":"cond-expr","locations":[{"start":{"line":134,"column":37},"end":{"line":134,"column":46}},{"start":{"line":134,"column":49},"end":{"line":134,"column":55}}]},"13":{"loc":{"start":{"line":138,"column":11},"end":{"line":138,"column":66}},"type":"binary-expr","locations":[{"start":{"line":138,"column":11},"end":{"line":138,"column":39}},{"start":{"line":138,"column":43},"end":{"line":138,"column":53}},{"start":{"line":138,"column":57},"end":{"line":138,"column":66}}]}},"s":{"0":0,"1":0,"2":0,"3":0,"4":0,"5":0,"6":0,"7":0,"8":0,"9":0,"10":0,"11":0,"12":0,"13":0,"14":0,"15":0,"16":0,"17":0,"18":0,"19":0,"20":0,"21":0,"22":0,"23":0,"24":0,"25":0,"26":0,"27":0,"28":0,"29":0,"30":0,"31":0,"32":0,"33":0,"34":0,"35":0,"36":0,"37":0,"38":0,"39":0,"40":0,"41":0,"42":0,"43":0,"44":0},"f":{"0":0,"1":0,"2":0,"3":0},"b":{"0":[0,0],"1":[0,0],"2":[0,0],"3":[0,0],"4":[0,0],"5":[0,0],"6":[0,0],"7":[0,0],"8":[0,0],"9":[0,0],"10":[0,0],"11":[0,0],"12":[0,0],"13":[0,0,0]}}
,"/Users/musti/Documents/Projects/MyCrypto_Platform/services/auth-service/src/common/guards/recaptcha.guard.ts": {"path":"/Users/musti/Documents/Projects/MyCrypto_Platform/services/auth-service/src/common/guards/recaptcha.guard.ts","statementMap":{"0":{"start":{"line":1,"column":0},"end":{"line":1,"column":null}},"1":{"start":{"line":8,"column":0},"end":{"line":8,"column":47}},"2":{"start":{"line":10,"column":0},"end":{"line":10,"column":65}},"3":{"start":{"line":13,"column":27},"end":{"line":191,"column":null}},"4":{"start":{"line":18,"column":21},"end":{"line":18,"column":39}},"5":{"start":{"line":19,"column":21},"end":{"line":19,"column":36}},"6":{"start":{"line":14,"column":19},"end":{"line":14,"column":60}},"7":{"start":{"line":21,"column":4},"end":{"line":21,"column":83}},"8":{"start":{"line":26,"column":4},"end":{"line":29,"column":5}},"9":{"start":{"line":27,"column":6},"end":{"line":27,"column":72}},"10":{"start":{"line":28,"column":6},"end":{"line":28,"column":18}},"11":{"start":{"line":31,"column":20},"end":{"line":31,"column":64}},"12":{"start":{"line":32,"column":18},"end":{"line":32,"column":44}},"13":{"start":{"line":35,"column":15},"end":{"line":35,"column":74}},"14":{"start":{"line":36,"column":22},"end":{"line":36,"column":64}},"15":{"start":{"line":38,"column":4},"end":{"line":56,"column":5}},"16":{"start":{"line":39,"column":6},"end":{"line":43,"column":9}},"17":{"start":{"line":45,"column":6},"end":{"line":55,"column":9}},"18":{"start":{"line":58,"column":4},"end":{"line":160,"column":5}},"19":{"start":{"line":59,"column":21},"end":{"line":59,"column":62}},"20":{"start":{"line":62,"column":6},"end":{"line":81,"column":7}},"21":{"start":{"line":63,"column":8},"end":{"line":68,"column":11}},"22":{"start":{"line":70,"column":8},"end":{"line":80,"column":11}},"23":{"start":{"line":84,"column":6},"end":{"line":128,"column":7}},"24":{"start":{"line":85,"column":29},"end":{"line":85,"column":77}},"25":{"start":{"line":87,"column":8},"end":{"line":109,"column":9}},"26":{"start":{"line":88,"column":10},"end":{"line":96,"column":13}},"27":{"start":{"line":98,"column":10},"end":{"line":108,"column":13}},"28":{"start":{"line":112,"column":8},"end":{"line":119,"column":11}},"29":{"start":{"line":122,"column":8},"end":{"line":127,"column":11}},"30":{"start":{"line":131,"column":7},"end":{"line":131,"column":48}},"31":{"start":{"line":133,"column":6},"end":{"line":133,"column":18}},"32":{"start":{"line":136,"column":6},"end":{"line":138,"column":7}},"33":{"start":{"line":137,"column":8},"end":{"line":137,"column":20}},"34":{"start":{"line":141,"column":6},"end":{"line":146,"column":9}},"35":{"start":{"line":149,"column":6},"end":{"line":159,"column":9}},"36":{"start":{"line":170,"column":24},"end":{"line":170,"column":70}},"37":{"start":{"line":171,"column":4},"end":{"line":173,"column":5}},"38":{"start":{"line":172,"column":6},"end":{"line":172,"column":25}},"39":{"start":{"line":176,"column":23},"end":{"line":176,"column":59}},"40":{"start":{"line":177,"column":4},"end":{"line":179,"column":5}},"41":{"start":{"line":178,"column":6},"end":{"line":178,"column":23}},"42":{"start":{"line":181,"column":4},"end":{"line":181,"column":21}},"43":{"start":{"line":189,"column":4},"end":{"line":189,"column":77}},"44":{"start":{"line":13,"column":13},"end":{"line":13,"column":27}},"45":{"start":{"line":13,"column":13},"end":{"line":191,"column":null}}},"fnMap":{"0":{"name":"(anonymous_2)","decl":{"start":{"line":17,"column":2},"end":{"line":17,"column":null}},"loc":{"start":{"line":19,"column":49},"end":{"line":22,"column":3}}},"1":{"name":"(anonymous_3)","decl":{"start":{"line":24,"column":2},"end":{"line":24,"column":7}},"loc":{"start":{"line":24,"column":45},"end":{"line":161,"column":3}}},"2":{"name":"(anonymous_4)","decl":{"start":{"line":168,"column":10},"end":{"line":168,"column":22}},"loc":{"start":{"line":168,"column":39},"end":{"line":182,"column":3}}},"3":{"name":"(anonymous_5)","decl":{"start":{"line":188,"column":10},"end":{"line":188,"column":27}},"loc":{"start":{"line":188,"column":27},"end":{"line":190,"column":3}}}},"branchMap":{"0":{"loc":{"start":{"line":26,"column":4},"end":{"line":29,"column":5}},"type":"if","locations":[{"start":{"line":26,"column":4},"end":{"line":29,"column":5}},{"start":{},"end":{}}]},"1":{"loc":{"start":{"line":35,"column":15},"end":{"line":35,"column":74}},"type":"binary-expr","locations":[{"start":{"line":35,"column":15},"end":{"line":35,"column":25}},{"start":{"line":35,"column":29},"end":{"line":35,"column":61}},{"start":{"line":35,"column":65},"end":{"line":35,"column":74}}]},"2":{"loc":{"start":{"line":36,"column":22},"end":{"line":36,"column":64}},"type":"binary-expr","locations":[{"start":{"line":36,"column":22},"end":{"line":36,"column":51}},{"start":{"line":36,"column":55},"end":{"line":36,"column":64}}]},"3":{"loc":{"start":{"line":38,"column":4},"end":{"line":56,"column":5}},"type":"if","locations":[{"start":{"line":38,"column":4},"end":{"line":56,"column":5}},{"start":{},"end":{}}]},"4":{"loc":{"start":{"line":62,"column":6},"end":{"line":81,"column":7}},"type":"if","locations":[{"start":{"line":62,"column":6},"end":{"line":81,"column":7}},{"start":{},"end":{}}]},"5":{"loc":{"start":{"line":84,"column":6},"end":{"line":128,"column":7}},"type":"if","locations":[{"start":{"line":84,"column":6},"end":{"line":128,"column":7}},{"start":{"line":120,"column":13},"end":{"line":128,"column":7}}]},"6":{"loc":{"start":{"line":87,"column":8},"end":{"line":109,"column":9}},"type":"if","locations":[{"start":{"line":87,"column":8},"end":{"line":109,"column":9}},{"start":{},"end":{}}]},"7":{"loc":{"start":{"line":136,"column":6},"end":{"line":138,"column":7}},"type":"if","locations":[{"start":{"line":136,"column":6},"end":{"line":138,"column":7}},{"start":{},"end":{}}]},"8":{"loc":{"start":{"line":142,"column":15},"end":{"line":142,"column":71}},"type":"cond-expr","locations":[{"start":{"line":142,"column":40},"end":{"line":142,"column":53}},{"start":{"line":142,"column":56},"end":{"line":142,"column":71}}]},"9":{"loc":{"start":{"line":171,"column":4},"end":{"line":173,"column":5}},"type":"if","locations":[{"start":{"line":171,"column":4},"end":{"line":173,"column":5}},{"start":{},"end":{}}]},"10":{"loc":{"start":{"line":177,"column":4},"end":{"line":179,"column":5}},"type":"if","locations":[{"start":{"line":177,"column":4},"end":{"line":179,"column":5}},{"start":{},"end":{}}]}},"s":{"0":0,"1":0,"2":0,"3":0,"4":0,"5":0,"6":0,"7":0,"8":0,"9":0,"10":0,"11":0,"12":0,"13":0,"14":0,"15":0,"16":0,"17":0,"18":0,"19":0,"20":0,"21":0,"22":0,"23":0,"24":0,"25":0,"26":0,"27":0,"28":0,"29":0,"30":0,"31":0,"32":0,"33":0,"34":0,"35":0,"36":0,"37":0,"38":0,"39":0,"40":0,"41":0,"42":0,"43":0,"44":0,"45":0},"f":{"0":0,"1":0,"2":0,"3":0},"b":{"0":[0,0],"1":[0,0,0],"2":[0,0],"3":[0,0],"4":[0,0],"5":[0,0],"6":[0,0],"7":[0,0],"8":[0,0],"9":[0,0],"10":[0,0]}}
,"/Users/musti/Documents/Projects/MyCrypto_Platform/services/auth-service/src/migrations/1731999999999-UpdateEmailVerificationTokenFields.ts": {"path":"/Users/musti/Documents/Projects/MyCrypto_Platform/services/auth-service/src/migrations/1731999999999-UpdateEmailVerificationTokenFields.ts","statementMap":{"0":{"start":{"line":6,"column":2},"end":{"line":6,"column":59}},"1":{"start":{"line":10,"column":30},"end":{"line":12,"column":null}},"2":{"start":{"line":14,"column":32},"end":{"line":16,"column":null}},"3":{"start":{"line":19,"column":4},"end":{"line":24,"column":5}},"4":{"start":{"line":21,"column":6},"end":{"line":23,"column":8}},"5":{"start":{"line":26,"column":4},"end":{"line":36,"column":5}},"6":{"start":{"line":28,"column":6},"end":{"line":30,"column":8}},"7":{"start":{"line":33,"column":6},"end":{"line":35,"column":8}},"8":{"start":{"line":39,"column":4},"end":{"line":41,"column":6}},"9":{"start":{"line":44,"column":4},"end":{"line":46,"column":6}},"10":{"start":{"line":51,"column":4},"end":{"line":51,"column":73}},"11":{"start":{"line":54,"column":4},"end":{"line":56,"column":6}},"12":{"start":{"line":59,"column":4},"end":{"line":61,"column":6}},"13":{"start":{"line":64,"column":4},"end":{"line":66,"column":6}},"14":{"start":{"line":3,"column":0},"end":{"line":3,"column":13}}},"fnMap":{"0":{"name":"(anonymous_0)","decl":{"start":{"line":3,"column":0},"end":{"line":3,"column":13}},"loc":{"start":{"line":3,"column":0},"end":{"line":68,"column":1}}},"1":{"name":"(anonymous_1)","decl":{"start":{"line":8,"column":9},"end":{"line":8,"column":14}},"loc":{"start":{"line":8,"column":42},"end":{"line":47,"column":3}}},"2":{"name":"(anonymous_2)","decl":{"start":{"line":49,"column":9},"end":{"line":49,"column":14}},"loc":{"start":{"line":49,"column":44},"end":{"line":67,"column":3}}}},"branchMap":{"0":{"loc":{"start":{"line":19,"column":4},"end":{"line":24,"column":5}},"type":"if","locations":[{"start":{"line":19,"column":4},"end":{"line":24,"column":5}},{"start":{},"end":{}}]},"1":{"loc":{"start":{"line":26,"column":4},"end":{"line":36,"column":5}},"type":"if","locations":[{"start":{"line":26,"column":4},"end":{"line":36,"column":5}},{"start":{"line":31,"column":11},"end":{"line":36,"column":5}}]}},"s":{"0":0,"1":0,"2":0,"3":0,"4":0,"5":0,"6":0,"7":0,"8":0,"9":0,"10":0,"11":0,"12":0,"13":0,"14":0},"f":{"0":0,"1":0,"2":0},"b":{"0":[0,0],"1":[0,0]}}
}
